Running BayPass Version 2.3 with the following command line:
program/baypass_2.3/sources/g_baypass -npop 20 -gfile cache/GSD_RAD_POD.baypass.txt -efile cache/GSD_env.baypass.txt -scalecov -omegafile cache/GSD_RAD_core_mat_omega.out -outprefix cache/GSD_RAD_POD_standard -nthreads 40                                  

!!!!!!!!!!!!!!!!!!!!!!!!!!!!!!!!!!!!!!
        Size of the data set 
!!!!!!!!!!!!!!!!!!!!!!!!!!!!!!!!!!!!!!

 No of Markers                      =      1000
 No of Populations                  =        20
 Genotype File name                 =    cache/GSD_RAD_POD.baypass.txt

!!!!!!!!!!!!!!!!!!!!!!!!!!!!!!!!!!!!!!
        Model Specifications
!!!!!!!!!!!!!!!!!!!!!!!!!!!!!!!!!!!!!!


  -> IS Covariate Mode with   2 covariates (i.e. BF and Beta coef will be estimated using an Importance Sampling algorithm):
  (*) Parameters from the Pi prior dist. will be estimated
  (*) Outlier detection: XtX stat. for each SNP        
  (*) Prior on Beta coef is U( -0.3000,  0.3000)
  (*) IS estimates are approximate on the grid with  201 points uniformly distributed over the ( -0.3000,  0.3000) interval

!!!!!!!!!!!!!!!!!!!!!!!!!!!!!!!!!!!!!!
           MCMC specifications
!!!!!!!!!!!!!!!!!!!!!!!!!!!!!!!!!!!!!!


 Nb. of sampled parameter values       =    1000
 Thinning Rate                         =      20
 Burn in Period Length                 =    5000
 Max Number of Pilot runs              =      20
 Pilot run Length                      =     500

 Init. deltas for Pi proposals          = 0.5000
 Coop Pij proposal with init. sig. for Pi. multivariate prop.          =  0.0500
 Pilot Run Adj. Factor Pilot            =  1.25
 Targeted Rej./Acc. rates              =  0.25-0.40
 R.N.G. seed                            =    5001

!!!!!!!!!!!!!!!!!!!!!!!!!!!!!!!!!!!!!!
        COVARIATE DATA
!!!!!!!!!!!!!!!!!!!!!!!!!!!!!!!!!!!!!!

Cov:   1  (Mean =      0.3468  ; SD =      0.2417)
Cov:   2  (Mean =     26.0016  ; SD =     30.3226)

!!!!!!!!!!!!!!!!!!!!!!!!!!!!!!!!!!!!!!
        COUNT DATA
!!!!!!!!!!!!!!!!!!!!!!!!!!!!!!!!!!!!!!

First SNP ref. Allele count     4    4    3    5    6    8    8    5    4    9    7    4    4    6    6    1    4    4    5    6
First SNP total Gene count      8   10    8   10    8   10   10   10   10   10   10   10    8   10   10    8   10   10    8   10
Last  SNP ref. Allele count     7    5    5    6    5    3    5    6    6    5    3    8    5    5    4    8    6    4    5    8
Last  SNP total Gene count     10   10   10   10   10   10   10    8   10   10    8   10   10   10   10   10   10   10   10   10

!!!!!!!!!!!!!!!!!!!!!!!!!!!!!!!!!!!!!!
        GIVEN OMEGA MATRIX
!!!!!!!!!!!!!!!!!!!!!!!!!!!!!!!!!!!!!!


!!!!!!!!!!!!!!!!!!!!!!!!!!!!!!!!!!!!!!
        PILOT RUNS
!!!!!!!!!!!!!!!!!!!!!!!!!!!!!!!!!!!!!!

Initial Values:
Pij min         =      0.08333  Pij max         =      0.91667  Average Pij     =      0.64217
Pij_til min     =     -1.22157  Pij_til max     =      1.00875  Average Pij_til =     -0.00000
PI min          =      0.17833  PI max          =      0.89958  Average PI      =      0.64217
Pi_beta_params values       5.08900      2.83572

!!!!!!!!!!!!!!!!!!!
## PILOT RUN:    1
!!!!!!!!!!!!!!!!!!!

i)   Node Values:
Pij min         =     -0.04529  Pij max         =      1.29799  Average Pij     =      0.66599
Pij_til min     =     -1.12567  Pij_til max     =      1.26918  Average Pij_til =      0.01683
PI min          =      0.13303  PI max          =      0.98972  Average PI      =      0.65945
Pi_beta_params values       4.31492      2.23353

ii)  Acceptance Rates (before adjustment):
  Acceptance Rate not achieved for      1000   out of      1000   p_ij vectors
  Acceptance Rate not achieved for      1000   out of      1000   pi
      Mean Acceptance Rate Pij  =  0.73642   mean delta_p=  0.06250
      Mean Acceptance Rate Pi   =  0.16255   mean delta_pi=  0.40000
      Mean Acceptance Rate b_mu =  0.30800        delta  =  0.05000
      Mean Acceptance Rate b_phi=  0.05200        delta  =  0.80000

iii) Running Time            :  0 d  0 h  0 min 44 sec
     Estimated Remaining Time:  0 d  0 h 51 min 20 sec

!!!!!!!!!!!!!!!!!!!
## PILOT RUN:    2
!!!!!!!!!!!!!!!!!!!

i)   Node Values:
Pij min         =     -0.08110  Pij max         =      1.21072  Average Pij     =      0.66815
Pij_til min     =     -1.19562  Pij_til max     =      1.11593  Average Pij_til =      0.00376
PI min          =      0.15980  PI max          =      0.98203  Average PI      =      0.66688
Pi_beta_params values       3.90593      1.98591

ii)  Acceptance Rates (before adjustment):
  Acceptance Rate not achieved for      1000   out of      1000   p_ij vectors
  Acceptance Rate not achieved for       969   out of      1000   pi
      Mean Acceptance Rate Pij  =  0.67754   mean delta_p=  0.07812
      Mean Acceptance Rate Pi   =  0.20004   mean delta_pi=  0.32248
      Mean Acceptance Rate b_mu =  0.34800        delta  =  0.05000
      Mean Acceptance Rate b_phi=  0.08200        delta  =  0.64000

iii) Running Time            :  0 d  0 h  0 min 45 sec
     Estimated Remaining Time:  0 d  0 h 25 min 33 sec

!!!!!!!!!!!!!!!!!!!
## PILOT RUN:    3
!!!!!!!!!!!!!!!!!!!

i)   Node Values:
Pij min         =     -0.06191  Pij max         =      1.18083  Average Pij     =      0.67234
Pij_til min     =     -1.12938  Pij_til max     =      1.03315  Average Pij_til =      0.00682
PI min          =      0.18365  PI max          =      0.98526  Average PI      =      0.66996
Pi_beta_params values       3.76663      1.92597

ii)  Acceptance Rates (before adjustment):
  Acceptance Rate not achieved for       979   out of      1000   p_ij vectors
  Acceptance Rate not achieved for       520   out of      1000   pi
      Mean Acceptance Rate Pij  =  0.60246   mean delta_p=  0.09725
      Mean Acceptance Rate Pi   =  0.24297   mean delta_pi=  0.28872
      Mean Acceptance Rate b_mu =  0.31800        delta  =  0.05000
      Mean Acceptance Rate b_phi=  0.06600        delta  =  0.51200

iii) Running Time            :  0 d  0 h  0 min 45 sec
     Estimated Remaining Time:  0 d  0 h 16 min 57 sec

!!!!!!!!!!!!!!!!!!!
## PILOT RUN:    4
!!!!!!!!!!!!!!!!!!!

i)   Node Values:
Pij min         =     -0.13729  Pij max         =      1.15183  Average Pij     =      0.67297
Pij_til min     =     -1.09710  Pij_til max     =      0.92991  Average Pij_til =      0.00628
PI min          =      0.17619  PI max          =      0.98646  Average PI      =      0.67055
Pi_beta_params values       3.75212      1.87302

ii)  Acceptance Rates (before adjustment):
  Acceptance Rate not achieved for       914   out of      1000   p_ij vectors
  Acceptance Rate not achieved for       279   out of      1000   pi
      Mean Acceptance Rate Pij  =  0.52116   mean delta_p=  0.11948
      Mean Acceptance Rate Pi   =  0.27049   mean delta_pi=  0.27306
      Mean Acceptance Rate b_mu =  0.32400        delta  =  0.05000
      Mean Acceptance Rate b_phi=  0.14000        delta  =  0.40960

iii) Running Time            :  0 d  0 h  0 min 46 sec
     Estimated Remaining Time:  0 d  0 h 12 min 40 sec

!!!!!!!!!!!!!!!!!!!
## PILOT RUN:    5
!!!!!!!!!!!!!!!!!!!

i)   Node Values:
Pij min         =     -0.09664  Pij max         =      1.23886  Average Pij     =      0.67233
Pij_til min     =     -1.07938  Pij_til max     =      1.08852  Average Pij_til =      0.00393
PI min          =      0.14261  PI max          =      0.97984  Average PI      =      0.67078
Pi_beta_params values       3.96518      1.98131

ii)  Acceptance Rates (before adjustment):
  Acceptance Rate not achieved for       724   out of      1000   p_ij vectors
  Acceptance Rate not achieved for       186   out of      1000   pi
      Mean Acceptance Rate Pij  =  0.43391   mean delta_p=  0.14099
      Mean Acceptance Rate Pi   =  0.28332   mean delta_pi=  0.26353
      Mean Acceptance Rate b_mu =  0.29000        delta  =  0.05000
      Mean Acceptance Rate b_phi=  0.14600        delta  =  0.32768

iii) Running Time            :  0 d  0 h  0 min 47 sec
     Estimated Remaining Time:  0 d  0 h 10 min 16 sec

!!!!!!!!!!!!!!!!!!!
## PILOT RUN:    6
!!!!!!!!!!!!!!!!!!!

i)   Node Values:
Pij min         =     -0.12210  Pij max         =      1.16856  Average Pij     =      0.67316
Pij_til min     =     -1.29353  Pij_til max     =      1.10249  Average Pij_til =      0.00123
PI min          =      0.09260  PI max          =      0.98225  Average PI      =      0.67327
Pi_beta_params values       3.76605      1.86213

ii)  Acceptance Rates (before adjustment):
  Acceptance Rate not achieved for       233   out of      1000   p_ij vectors
  Acceptance Rate not achieved for       126   out of      1000   pi
      Mean Acceptance Rate Pij  =  0.36462   mean delta_p=  0.14847
      Mean Acceptance Rate Pi   =  0.29266   mean delta_pi=  0.25673
      Mean Acceptance Rate b_mu =  0.33200        delta  =  0.05000
      Mean Acceptance Rate b_phi=  0.15200        delta  =  0.26214

iii) Running Time            :  0 d  0 h  0 min 47 sec
     Estimated Remaining Time:  0 d  0 h  8 min 30 sec

!!!!!!!!!!!!!!!!!!!
## PILOT RUN:    7
!!!!!!!!!!!!!!!!!!!

i)   Node Values:
Pij min         =     -0.10510  Pij max         =      1.23514  Average Pij     =      0.67384
Pij_til min     =     -1.06234  Pij_til max     =      1.08446  Average Pij_til =      0.00258
PI min          =      0.17291  PI max          =      0.98584  Average PI      =      0.67305
Pi_beta_params values       3.94728      1.87150

ii)  Acceptance Rates (before adjustment):
  Acceptance Rate not achieved for       151   out of      1000   p_ij vectors
  Acceptance Rate not achieved for        89   out of      1000   pi
      Mean Acceptance Rate Pij  =  0.34281   mean delta_p=  0.15217
      Mean Acceptance Rate Pi   =  0.30075   mean delta_pi=  0.25256
      Mean Acceptance Rate b_mu =  0.36000        delta  =  0.05000
      Mean Acceptance Rate b_phi=  0.21400        delta  =  0.20972

iii) Running Time            :  0 d  0 h  0 min 48 sec
     Estimated Remaining Time:  0 d  0 h  7 min 15 sec

!!!!!!!!!!!!!!!!!!!
## PILOT RUN:    8
!!!!!!!!!!!!!!!!!!!

i)   Node Values:
Pij min         =     -0.08455  Pij max         =      1.18093  Average Pij     =      0.66996
Pij_til min     =     -1.01594  Pij_til max     =      1.01567  Average Pij_til =      0.00078
PI min          =      0.16802  PI max          =      0.98404  Average PI      =      0.67022
Pi_beta_params values       4.03099      2.08447

ii)  Acceptance Rates (before adjustment):
  Acceptance Rate not achieved for       126   out of      1000   p_ij vectors
  Acceptance Rate not achieved for        53   out of      1000   pi
      Mean Acceptance Rate Pij  =  0.33194   mean delta_p=  0.15414
      Mean Acceptance Rate Pi   =  0.30577   mean delta_pi=  0.25003
      Mean Acceptance Rate b_mu =  0.38200        delta  =  0.05000
      Mean Acceptance Rate b_phi=  0.23600        delta  =  0.16777

iii) Running Time            :  0 d  0 h  0 min 48 sec
     Estimated Remaining Time:  0 d  0 h  6 min 18 sec

!!!!!!!!!!!!!!!!!!!
## PILOT RUN:    9
!!!!!!!!!!!!!!!!!!!

i)   Node Values:
Pij min         =     -0.04743  Pij max         =      1.20778  Average Pij     =      0.67310
Pij_til min     =     -1.09615  Pij_til max     =      1.02111  Average Pij_til =      0.00722
PI min          =      0.11904  PI max          =      0.99098  Average PI      =      0.67073
Pi_beta_params values       4.02072      1.95989

ii)  Acceptance Rates (before adjustment):
  Acceptance Rate not achieved for       108   out of      1000   p_ij vectors
  Acceptance Rate not achieved for        49   out of      1000   pi
      Mean Acceptance Rate Pij  =  0.32764   mean delta_p=  0.15535
      Mean Acceptance Rate Pi   =  0.30783   mean delta_pi=  0.24788
      Mean Acceptance Rate b_mu =  0.32000        delta  =  0.05000
      Mean Acceptance Rate b_phi=  0.27400        delta  =  0.16777

iii) Running Time            :  0 d  0 h  0 min 49 sec
     Estimated Remaining Time:  0 d  0 h  5 min 33 sec

!!!!!!!!!!!!!!!!!!!
## PILOT RUN:   10
!!!!!!!!!!!!!!!!!!!

i)   Node Values:
Pij min         =     -0.07868  Pij max         =      1.25801  Average Pij     =      0.67294
Pij_til min     =     -0.97914  Pij_til max     =      1.14741  Average Pij_til =      0.00645
PI min          =      0.14945  PI max          =      0.98698  Average PI      =      0.67105
Pi_beta_params values       3.89498      1.93165

ii)  Acceptance Rates (before adjustment):
  Acceptance Rate not achieved for        82   out of      1000   p_ij vectors
  Acceptance Rate not achieved for        30   out of      1000   pi
      Mean Acceptance Rate Pij  =  0.32339   mean delta_p=  0.15575
      Mean Acceptance Rate Pi   =  0.31184   mean delta_pi=  0.24639
      Mean Acceptance Rate b_mu =  0.35200        delta  =  0.05000
      Mean Acceptance Rate b_phi=  0.28000        delta  =  0.16777

iii) Running Time            :  0 d  0 h  0 min 49 sec
     Estimated Remaining Time:  0 d  0 h  4 min 57 sec

!!!!!!!!!!!!!!!!!!!
## PILOT RUN:   11
!!!!!!!!!!!!!!!!!!!

i)   Node Values:
Pij min         =     -0.13119  Pij max         =      1.16411  Average Pij     =      0.67216
Pij_til min     =     -1.46955  Pij_til max     =      0.91396  Average Pij_til =      0.00823
PI min          =      0.15091  PI max          =      0.98090  Average PI      =      0.66887
Pi_beta_params values       3.62116      1.78013

ii)  Acceptance Rates (before adjustment):
  Acceptance Rate not achieved for        93   out of      1000   p_ij vectors
  Acceptance Rate not achieved for        32   out of      1000   pi
      Mean Acceptance Rate Pij  =  0.32275   mean delta_p=  0.15616
      Mean Acceptance Rate Pi   =  0.31335   mean delta_pi=  0.24485
      Mean Acceptance Rate b_mu =  0.35600        delta  =  0.05000
      Mean Acceptance Rate b_phi=  0.29800        delta  =  0.16777

iii) Running Time            :  0 d  0 h  0 min 50 sec
     Estimated Remaining Time:  0 d  0 h  4 min 28 sec

!!!!!!!!!!!!!!!!!!!
## PILOT RUN:   12
!!!!!!!!!!!!!!!!!!!

i)   Node Values:
Pij min         =     -0.11404  Pij max         =      1.23623  Average Pij     =      0.67199
Pij_til min     =     -1.00393  Pij_til max     =      1.11803  Average Pij_til =      0.00285
PI min          =      0.14463  PI max          =      0.97831  Average PI      =      0.67127
Pi_beta_params values       3.91654      1.88503

ii)  Acceptance Rates (before adjustment):
  Acceptance Rate not achieved for       101   out of      1000   p_ij vectors
  Acceptance Rate not achieved for        40   out of      1000   pi
      Mean Acceptance Rate Pij  =  0.32383   mean delta_p=  0.15692
      Mean Acceptance Rate Pi   =  0.31577   mean delta_pi=  0.24307
      Mean Acceptance Rate b_mu =  0.34600        delta  =  0.05000
      Mean Acceptance Rate b_phi=  0.34200        delta  =  0.16777

iii) Running Time            :  0 d  0 h  0 min 50 sec
     Estimated Remaining Time:  0 d  0 h  4 min  5 sec

!!!!!!!!!!!!!!!!!!!
## PILOT RUN:   13
!!!!!!!!!!!!!!!!!!!

i)   Node Values:
Pij min         =     -0.15201  Pij max         =      1.16501  Average Pij     =      0.67114
Pij_til min     =     -1.19644  Pij_til max     =      1.31001  Average Pij_til =      0.00928
PI min          =      0.14975  PI max          =      0.97882  Average PI      =      0.66736
Pi_beta_params values       3.93001      1.94424

ii)  Acceptance Rates (before adjustment):
  Acceptance Rate not achieved for        81   out of      1000   p_ij vectors
  Acceptance Rate not achieved for        38   out of      1000   pi
      Mean Acceptance Rate Pij  =  0.32054   mean delta_p=  0.15732
      Mean Acceptance Rate Pi   =  0.31591   mean delta_pi=  0.24172
      Mean Acceptance Rate b_mu =  0.32000        delta  =  0.05000
      Mean Acceptance Rate b_phi=  0.29000        delta  =  0.16777

iii) Running Time            :  0 d  0 h  0 min 51 sec
     Estimated Remaining Time:  0 d  0 h  3 min 44 sec

!!!!!!!!!!!!!!!!!!!
## PILOT RUN:   14
!!!!!!!!!!!!!!!!!!!

i)   Node Values:
Pij min         =     -0.07910  Pij max         =      1.27897  Average Pij     =      0.67307
Pij_til min     =     -1.08896  Pij_til max     =      1.32321  Average Pij_til =      0.00969
PI min          =      0.16625  PI max          =      0.97883  Average PI      =      0.66938
Pi_beta_params values       3.72654      1.83031

ii)  Acceptance Rates (before adjustment):
  Acceptance Rate not achieved for        83   out of      1000   p_ij vectors
  Acceptance Rate not achieved for        29   out of      1000   pi
      Mean Acceptance Rate Pij  =  0.31929   mean delta_p=  0.15751
      Mean Acceptance Rate Pi   =  0.31863   mean delta_pi=  0.24104
      Mean Acceptance Rate b_mu =  0.31800        delta  =  0.05000
      Mean Acceptance Rate b_phi=  0.30200        delta  =  0.16777

iii) Running Time            :  0 d  0 h  0 min 51 sec
     Estimated Remaining Time:  0 d  0 h  3 min 27 sec

!!!!!!!!!!!!!!!!!!!
## PILOT RUN:   15
!!!!!!!!!!!!!!!!!!!

i)   Node Values:
Pij min         =     -0.03892  Pij max         =      1.21602  Average Pij     =      0.67099
Pij_til min     =     -1.01929  Pij_til max     =      1.10295  Average Pij_til =      0.00529
PI min          =      0.11940  PI max          =      0.97918  Average PI      =      0.66901
Pi_beta_params values       3.53699      1.78269

ii)  Acceptance Rates (before adjustment):
  Acceptance Rate not achieved for        95   out of      1000   p_ij vectors
  Acceptance Rate not achieved for        42   out of      1000   pi
      Mean Acceptance Rate Pij  =  0.31711   mean delta_p=  0.15707
      Mean Acceptance Rate Pi   =  0.31895   mean delta_pi=  0.24030
      Mean Acceptance Rate b_mu =  0.37600        delta  =  0.05000
      Mean Acceptance Rate b_phi=  0.26800        delta  =  0.16777

iii) Running Time            :  0 d  0 h  0 min 52 sec
     Estimated Remaining Time:  0 d  0 h  3 min 11 sec

!!!!!!!!!!!!!!!!!!!
## PILOT RUN:   16
!!!!!!!!!!!!!!!!!!!

i)   Node Values:
Pij min         =     -0.10895  Pij max         =      1.21473  Average Pij     =      0.67368
Pij_til min     =     -1.16170  Pij_til max     =      1.11857  Average Pij_til =      0.00364
PI min          =      0.15519  PI max          =      0.98808  Average PI      =      0.67246
Pi_beta_params values       3.88717      1.94316

ii)  Acceptance Rates (before adjustment):
  Acceptance Rate not achieved for        80   out of      1000   p_ij vectors
  Acceptance Rate not achieved for        21   out of      1000   pi
      Mean Acceptance Rate Pij  =  0.31952   mean delta_p=  0.15752
      Mean Acceptance Rate Pi   =  0.32061   mean delta_pi=  0.23990
      Mean Acceptance Rate b_mu =  0.34000        delta  =  0.05000
      Mean Acceptance Rate b_phi=  0.30200        delta  =  0.16777

iii) Running Time            :  0 d  0 h  0 min 52 sec
     Estimated Remaining Time:  0 d  0 h  2 min 58 sec

!!!!!!!!!!!!!!!!!!!
## PILOT RUN:   17
!!!!!!!!!!!!!!!!!!!

i)   Node Values:
Pij min         =     -0.05541  Pij max         =      1.24146  Average Pij     =      0.67069
Pij_til min     =     -1.26924  Pij_til max     =      1.11287  Average Pij_til =     -0.00107
PI min          =      0.12430  PI max          =      0.97780  Average PI      =      0.67130
Pi_beta_params values       4.25049      2.02360

ii)  Acceptance Rates (before adjustment):
  Acceptance Rate not achieved for        93   out of      1000   p_ij vectors
  Acceptance Rate not achieved for        18   out of      1000   pi
      Mean Acceptance Rate Pij  =  0.31942   mean delta_p=  0.15781
      Mean Acceptance Rate Pi   =  0.32075   mean delta_pi=  0.23923
      Mean Acceptance Rate b_mu =  0.33800        delta  =  0.05000
      Mean Acceptance Rate b_phi=  0.31800        delta  =  0.16777

iii) Running Time            :  0 d  0 h  0 min 53 sec
     Estimated Remaining Time:  0 d  0 h  2 min 45 sec

!!!!!!!!!!!!!!!!!!!
## PILOT RUN:   18
!!!!!!!!!!!!!!!!!!!

i)   Node Values:
Pij min         =     -0.19382  Pij max         =      1.26930  Average Pij     =      0.67216
Pij_til min     =     -1.08518  Pij_til max     =      1.28999  Average Pij_til =      0.00304
PI min          =      0.15231  PI max          =      0.98944  Average PI      =      0.67106
Pi_beta_params values       3.51183      1.77388

ii)  Acceptance Rates (before adjustment):
  Acceptance Rate not achieved for        78   out of      1000   p_ij vectors
  Acceptance Rate not achieved for        28   out of      1000   pi
      Mean Acceptance Rate Pij  =  0.31677   mean delta_p=  0.15751
      Mean Acceptance Rate Pi   =  0.32084   mean delta_pi=  0.23831
      Mean Acceptance Rate b_mu =  0.35600        delta  =  0.05000
      Mean Acceptance Rate b_phi=  0.29800        delta  =  0.16777

iii) Running Time            :  0 d  0 h  0 min 53 sec
     Estimated Remaining Time:  0 d  0 h  2 min 35 sec

!!!!!!!!!!!!!!!!!!!
## PILOT RUN:   19
!!!!!!!!!!!!!!!!!!!

i)   Node Values:
Pij min         =     -0.14252  Pij max         =      1.22171  Average Pij     =      0.67180
Pij_til min     =     -1.01774  Pij_til max     =      1.06330  Average Pij_til =      0.00503
PI min          =      0.12741  PI max          =      0.98091  Average PI      =      0.67027
Pi_beta_params values       3.96443      1.94457

ii)  Acceptance Rates (before adjustment):
  Acceptance Rate not achieved for        78   out of      1000   p_ij vectors
  Acceptance Rate not achieved for        31   out of      1000   pi
      Mean Acceptance Rate Pij  =  0.31928   mean delta_p=  0.15802
      Mean Acceptance Rate Pi   =  0.32351   mean delta_pi=  0.23817
      Mean Acceptance Rate b_mu =  0.29400        delta  =  0.05000
      Mean Acceptance Rate b_phi=  0.27800        delta  =  0.16777

iii) Running Time            :  0 d  0 h  0 min 54 sec
     Estimated Remaining Time:  0 d  0 h  2 min 25 sec

!!!!!!!!!!!!!!!!!!!
## PILOT RUN:   20
!!!!!!!!!!!!!!!!!!!

i)   Node Values:
Pij min         =     -0.10435  Pij max         =      1.16969  Average Pij     =      0.67120
Pij_til min     =     -1.03732  Pij_til max     =      1.06462  Average Pij_til =      0.00364
PI min          =      0.14562  PI max          =      0.98661  Average PI      =      0.66991
Pi_beta_params values       3.76581      1.87727

ii)  Acceptance Rates (before adjustment):
  Acceptance Rate not achieved for        74   out of      1000   p_ij vectors
  Acceptance Rate not achieved for        22   out of      1000   pi
      Mean Acceptance Rate Pij  =  0.31710   mean delta_p=  0.15786
      Mean Acceptance Rate Pi   =  0.32124   mean delta_pi=  0.23778
      Mean Acceptance Rate b_mu =  0.35000        delta  =  0.05000
      Mean Acceptance Rate b_phi=  0.29800        delta  =  0.16777

iii) Running Time            :  0 d  0 h  0 min 54 sec
     Estimated Remaining Time:  0 d  0 h  2 min 17 sec

!!!!!!!!!!!!!!!!!!!!!!!!!!!!!!!!!!!!!!
        BURN-IN
!!!!!!!!!!!!!!!!!!!!!!!!!!!!!!!!!!!!!!


Node Values:
Pij min         =     -0.02881  Pij max         =      1.15204  Average Pij     =      0.67272
Pij_til min     =     -0.95101  Pij_til max     =      0.97666  Average Pij_til =      0.00260
PI min          =      0.18916  PI max          =      0.98480  Average PI      =      0.67208
Pi_beta_params values       3.77194      1.83860

Running Time            :  0 d  0 h  0 min 59 sec
Estimated Remaining Time:  0 d  0 h  1 min 19 sec

!!!!!!!!!!!!!!!!!!!!!!!!!!!!!!!!!!!!!!
        MCMC CHAIN
!!!!!!!!!!!!!!!!!!!!!!!!!!!!!!!!!!!!!!

      Mean Final Acceptance Rate Pij  =  0.29840   mean delta_pij=  0.15786
      Mean Final Acceptance Rate Pi   =  0.31389   mean delta_pi=  0.23778
      Mean Final Acceptance Rate b_mu =  0.35635        delta  =  0.05000
      Mean Final Acceptance Rate b_phi=  0.28580        delta  =  0.16777

Analysis completed in  0 d  0 h  1 min 25 sec
