 MRK M_P SD_P M_XtX SD_XtX XtXst log10(1/pval)
       1   0.54612758   0.04629328  19.29043571   5.83123460  16.75821915   0.17863463
       2   0.68669789   0.04642917  18.54290120   5.94375290  13.60961335   0.52208386
       3   0.56842907   0.04872541  18.53479521   5.56778590  12.40016494   0.70603856
       4   0.59831624   0.04652266  16.69249301   5.28169693   6.82211092   2.25632862
       5   0.67979453   0.04563008  18.32038196   5.41293087  14.56540229   0.39948897
       6   0.63162507   0.04719694  16.71905491   5.14050359   7.42813144   2.00225179
       7   0.95881816   0.02089385  19.65280192   6.20269924  12.78420991   0.64378064
       8   0.50406087   0.05111273  19.72290490   6.08594935  18.78581524   0.03225077
       9   0.62647351   0.04706981  18.51443249   6.14209555  16.87525359   0.16884524
      10   0.69179263   0.04393473  17.95419382   5.75414708  12.73895000   0.65092247
      11   0.79130133   0.03609782  19.72617912   5.72305278  18.97265309   0.02100212
      12   0.42036781   0.04768517  21.60567296   6.20486352  28.61392121   0.71831047
      13   0.64781640   0.04432303  19.93994838   6.13581352  18.76165521   0.03373033
      14   0.67644993   0.04136525  20.63740610   5.56827434  22.64163335   0.21221135
      15   0.67124018   0.04552838  21.34796376   6.33789670  27.23723915   0.58932251
      16   0.69685860   0.04214458  20.26004113   6.00345243  20.15557987   0.04746326
      17   0.83881851   0.03463032  22.48416025   6.86900689  26.30336590   0.50577637
      18   0.61871352   0.04794808  19.17506215   6.13359465  17.84162043   0.09457192
      19   0.75862503   0.04048603  20.74591012   5.79718666  28.15588994   0.67464779
      20   0.78814723   0.03827714  19.86713677   6.32569163  22.27852695   0.18629857
      21   0.81832538   0.03774662  18.40997907   5.60551048  11.80170819   0.81096986
      22   0.86146430   0.03270452  21.85446632   5.95866250  24.42868733   0.34839722
      23   0.83678579   0.03291160  18.01462263   5.46733041  14.00265577   0.46944497
      24   0.54175460   0.04894860  19.00622897   6.33811935  17.47515024   0.12140871
      25   0.92622200   0.02519589  20.46304744   6.23426882  17.34997951   0.13093854
      26   0.64030034   0.04349897  21.21874428   6.27576318  24.24098924   0.33343757
      27   0.53780792   0.04604225  19.56373558   5.67862571  18.62197654   0.04239829
      28   0.40277353   0.04913530  18.86916942   6.05559066  15.84338144   0.26168226
      29   0.64440645   0.04879831  21.42948206   6.19277353  24.99055127   0.39406428
      30   0.38685054   0.05128543  19.69594940   6.09970016  18.81782916   0.03029913
      31   0.55546023   0.04740793  20.89931312   5.76163180  25.27481601   0.41766640
      32   0.94346179   0.02480886  19.61507494   6.28649223  16.13445707   0.23395689
      33   0.34962210   0.04476239  19.85422994   5.86316574  19.30980783   0.00154702
      34   0.60674884   0.04380151  22.95114168   6.62203080  31.68134252   1.02859071
      35   0.61124382   0.04575560  20.46641857   6.02430819  25.87511833   0.46858219
      36   0.37740375   0.04747799  17.64822003   5.36889004   9.91336012   1.21775507
      37   0.84964390   0.03371979  18.18701839   5.70056999  12.84962469   0.63354831
      38   0.34903680   0.04913510  19.79986361   6.34494304  18.10096773   0.07650421
      39   0.69563581   0.04933963  19.57150572   5.94286603  20.75561848   0.08445230
      40   0.50005817   0.04991018  22.25904759   6.47486976  30.41793930   0.89716378
      41   0.84767780   0.03229710  19.77415418   5.94318275  18.20692070   0.06933562
      42   0.76589029   0.04183374  19.57194043   6.04334348  19.07036342   0.01525369
      43   0.46512420   0.04853912  26.68168123   7.49880924  46.16223250   2.81490678
      44   0.62295949   0.04725559  18.23470820   5.73203624  14.30325003   0.43131401
      45   0.80539475   0.03948810  18.26795626   5.74220475  14.91725198   0.35876933
      46   0.77254582   0.03896134  21.00501747   5.93965297  22.47590946   0.20030872
      47   0.84449760   0.03435167  19.24856249   6.01538342  18.39993411   0.05658537
      48   0.91718113   0.02712684  21.44621030   6.44052238  21.41430433   0.12712403
      49   0.86843004   0.03281215  21.12005093   6.05710277  24.99802406   0.39468049
      50   0.71126377   0.04816819  17.68794053   5.43660780  10.02752619   1.18936516
      51   0.84991197   0.03234876  20.95208200   6.60158869  22.20149949   0.18088056
      52   0.64235099   0.04462747  18.01359730   5.44959099  13.91512406   0.48088932
      53   0.43217375   0.05063514  22.58815772   6.05550407  32.08642777   1.07174716
      54   0.62388321   0.04916246  18.80942045   6.21193222  17.06795096   0.15311511
      55   0.62256215   0.04870382  20.08173993   6.53490082  17.86578767   0.09285652
      56   0.56172553   0.04690901  19.01821960   5.72378729  19.19128412   0.00826497
      57   0.50660346   0.04862757  18.87734576   5.93916779  16.28245047   0.22033731
      58   0.64612043   0.04790630  21.10129339   5.91297543  23.52092054   0.27745574
      59   0.34775209   0.04987569  19.35521347   5.79812897  19.10951025   0.01297611
      60   0.52278294   0.05065146  18.76133115   5.47513339  14.49781451   0.40756996
      61   0.32786712   0.04883075  17.97974047   5.61313870  11.64078214   0.84094630
      62   0.96318616   0.01862754  18.66265288   5.94374995   8.99053303   1.46894683
      63   0.74783728   0.04018140  23.24195337   5.87184087  30.65549260   0.92150028
      64   0.81431238   0.03761678  20.59540234   6.14571361  26.68678915   0.53967915
      65   0.89451726   0.03148499  20.43897566   6.26846843  18.99612511   0.01961290
      66   0.88222575   0.03109506  19.03849594   5.98055994  13.78104585   0.49872595
      67   0.52856465   0.04867538  20.60878587   5.84334130  23.29203403   0.26013730
      68   0.91334663   0.02678312  20.07340865   6.01370136  20.24078255   0.05260445
      69   0.64310862   0.04601994  17.38616774   5.57474733   9.53765568   1.31519190
      70   0.24833688   0.04303749  18.37356258   5.53597194  17.22998395   0.14025338
      71   0.43396056   0.04966144  22.32406604   6.41045169  29.40782834   0.79569497
      72   0.81167910   0.03572649  22.93783415   6.55920693  35.26779921   1.42658288
      73   0.34070876   0.04431168  22.90016697   6.35102502  33.09005247   1.18070827
      74   0.55655497   0.04670676  21.27647838   5.79524827  25.87314043   0.46841207
      75   0.67621174   0.04281395  21.10332684   6.46831555  24.87069439   0.38421223
      76   0.56774831   0.05132194  20.71503414   6.08446320  25.12050336   0.40481296
      77   0.23793409   0.04211528  18.39365799   5.97305952  14.49938602   0.40738110
      78   0.66738599   0.04764576  18.03287685   5.58611380  13.21376047   0.57847910
      79   0.88618762   0.03060619  21.21704101   6.37610448  21.07583634   0.10493008
      80   0.75569136   0.03795526  21.52133834   5.90652504  25.15153204   0.40738968
      81   0.85258895   0.03587495  21.23028354   6.28696144  25.87362485   0.46845374
      82   0.72172991   0.04481246  17.98409783   5.65504640  15.31724842   0.31511139
      83   0.80381211   0.04180685  18.37118135   5.97173720  14.38697883   0.42100760
      84   0.74884292   0.04904656  17.73855519   5.66149794  10.80991983   1.00880614
      85   0.82266194   0.03904307  17.77430328   5.82761425  14.04189303   0.46436548
      86   0.43601990   0.04998355  19.10180509   6.10454208  18.13019722   0.07451444
      87   0.63989948   0.04799988  18.77165019   5.73544673  18.61055768   0.04311557
      88   0.49562519   0.04905365  17.80458974   5.43873219  11.49505556   0.86877122
      89   0.51954025   0.04853000  23.83189855   6.16508476  36.77481765   1.60376779
      90   0.35710846   0.04713156  18.47290686   5.63617546  15.67068147   0.27873849
      91   0.83221705   0.03603580  17.72431353   5.72467686  12.08490558   0.76006311
      92   0.79062474   0.03965835  18.86851174   5.78799998  14.04724871   0.46367457
      93   0.65939416   0.04868210  19.20371461   6.04784271  19.11126150   0.01287456
      94   0.71775390   0.04279871  20.01420053   6.04726915  21.02441712   0.10160763
      95   0.71011033   0.04671957  18.03301966   5.66336607  12.24497714   0.73229317
      96   0.64162567   0.04905831  18.19482361   5.11281405  14.47797580   0.40995816
      97   0.76875932   0.04394499  18.51718402   5.62460906  12.87356021   0.62983060
      98   0.48984163   0.04993040  18.14554455   5.20443227  13.25223881   0.57284220
      99   0.41391596   0.04520866  19.68083199   5.88786103  21.10393996   0.10675151
     100   0.96998712   0.01647779  20.17951383   6.22787926  11.65952902   0.83741410
     101   0.95418821   0.02467609  21.01069632   6.22933114  15.73767843   0.27206703
     102   0.84699072   0.03507484  22.12983787   6.17095608  31.29246921   0.98761941
     103   0.80643172   0.04025986  20.41651068   5.75289598  23.81772583   0.30025765
     104   0.94421148   0.02061557  19.68096428   6.14123539  14.99066123   0.35055168
     105   0.81364846   0.04209713  27.06617681   7.14924449  47.05911303   2.93883936
     106   0.82427485   0.03911982  19.36748549   6.12036090  18.73052116   0.03564550
     107   0.78045220   0.03903514  23.59378777   6.47167802  37.01597943   1.63262499
     108   0.93258376   0.02521095  19.84861502   6.34921803  16.95212163   0.16251306
     109   0.35634309   0.04502948  18.38827158   5.34905298  13.83504914   0.49149679
     110   0.71472839   0.04480923  19.34154161   5.85541420  18.24151761   0.06702106
     111   0.55138821   0.05064517  20.28375708   5.93653812  21.39124124   0.12559398
     112   0.39586239   0.04813036  18.41689811   5.64113911  16.85487751   0.17053666
     113   0.79126321   0.03962748  17.96914987   5.42034793  12.83788987   0.63537612
     114   0.68973611   0.04624917  21.09904050   5.89740561  23.95614121   0.31102297
     115   0.59142604   0.04634179  16.94599144   4.99080137  11.49331120   0.86910827
     116   0.75109730   0.04404105  18.90303692   5.76189915  13.34972633   0.55871237
     117   0.81997088   0.04284066  17.67758761   5.99292213  12.36091549   0.71261764
     118   0.49942666   0.04837202  18.04081740   5.67783446  12.35980753   0.71280395
     119   0.90108745   0.02896717  21.19897619   6.68786456  22.82976510   0.22587654
     120   0.90506340   0.02886573  19.33946279   6.28279746  17.73840307   0.10197308
     121   0.74759937   0.04180946  17.81987001   5.53038149  10.09027025   1.17399502
     122   0.85727319   0.03332202  22.68078246   6.31323235  25.36827523   0.42549815
     123   0.65154406   0.04570482  17.15068421   5.42869222   9.28221772   1.38514383
     124   0.66328692   0.04558454  21.99071454   6.40160235  28.87019339   0.74305667
     125   0.81340702   0.03623092  22.15914594   6.11741728  28.73868571   0.73032990
     126   0.38728977   0.04584691  20.46726716   6.35888502  22.32401212   0.18951099
     127   0.89467221   0.02827302  20.11250913   6.43078876  21.42800617   0.12803426
     128   0.75483411   0.04083216  20.42896121   6.01676295  26.05501388   0.48411921
     129   0.74601604   0.04070284  21.10208861   5.82421769  23.01850766   0.23974843
     130   0.53388906   0.04956246  16.99153954   5.05589157   8.71043787   1.55361317
     131   0.69254835   0.04826973  20.79924247   6.29654053  23.65221416   0.28749460
     132   0.48518056   0.04734253  19.91292541   6.37822543  19.90645829   0.03264419
     133   0.52381738   0.04610135  22.09767063   6.10662599  28.90024395   0.74597311
     134   0.77384647   0.04324698  17.68608935   5.62563698  15.70528763   0.27528374
     135   0.58558053   0.05220349  18.19186943   5.61741675  12.63281574   0.66787193
     136   0.49799087   0.04821483  21.51749633   6.08953678  26.87515154   0.55653923
     137   0.80331460   0.03796428  18.05684863   5.63086111  13.58938233   0.52488196
     138   0.68001786   0.04371453  20.23599270   6.27693972  20.48666251   0.06764789
     139   0.54901398   0.05288242  23.12188084   6.38790180  33.50975003   1.22711037
     140   0.51629342   0.04568850  28.94280799   6.58369142  58.69216089   4.64483286
     141   0.76894042   0.04664771  19.65719750   5.75701829  21.45439463   0.12978984
     142   0.81486240   0.03693713  19.03650226   5.45861066  15.29790598   0.31716046
     143   0.83851282   0.03859920  20.12574082   6.41251602  21.33740556   0.12203250
     144   0.44547253   0.05111032  21.72226658   5.73163795  27.91061296   0.65156937
     145   0.86356693   0.03199678  18.91322842   5.89837902  18.56760413   0.04582560
     146   0.83485478   0.03576166  23.90691408   6.41280068  32.86068949   1.15555564
     147   0.63014444   0.04598636  18.52233903   5.71548400  16.39445386   0.21023777
     148   0.58676623   0.04954120  17.85148085   5.70493373  10.20625462   1.14600839
     149   0.48492918   0.04900602  19.78943537   5.98034179  19.85745728   0.02976693
     150   0.63686456   0.05363975  18.18535721   5.78153156  13.76134003   0.50137911
     151   0.86991756   0.03273401  18.30525308   5.80951216  15.35576271   0.31104967
     152   0.42886761   0.04590360  17.27537324   5.21971399  10.14195239   1.16145661
     153   0.76361705   0.04219289  19.09489440   6.32030073  16.38234052   0.21132152
     154   0.90680349   0.02946453  21.53055269   6.19966465  20.15121903   0.04720112
     155   0.94502274   0.02283244  21.33638841   6.32626837  20.14639445   0.04691121
     156   0.95823517   0.01965148  18.73828128   6.33759630  12.58643257   0.67536915
     157   0.93777363   0.02399925  19.73097303   6.11487455  18.60378075   0.04354190
     158   0.86103708   0.03608013  18.78254398   5.81783678  15.86649601   0.25943414
     159   0.86868675   0.03547756  19.45477770   6.20580324  15.38146017   0.30835316
     160   0.53996387   0.05034058  18.88715999   5.75289047  18.04536826   0.08031486
     161   0.66644388   0.04789230  18.28922662   5.67741293  13.23979090   0.57466203
     162   0.74082085   0.04126524  18.20691647   5.50332001  12.98283805   0.61303463
     163   0.35214198   0.04291894  19.53097680   5.93604524  20.30805828   0.05669005
     164   0.62431102   0.04764381  21.69307861   6.41589147  26.71220537   0.54194630
     165   0.82614137   0.03608176  20.25999399   6.20111447  19.03987532   0.01703757
     166   0.82590447   0.03602293  23.96219787   6.95587730  32.42882865   1.10859829
     167   0.89258372   0.03170527  18.82738264   5.68549393  16.69014565   0.18441214
     168   0.69793501   0.03990672  21.49684446   5.65367754  24.20111921   0.33027924
     169   0.89751826   0.02895159  18.52344017   5.77611839  14.73004771   0.38015629
     170   0.63904488   0.04787723  22.55833478   6.47687617  30.53946726   0.90959178
     171   0.71135689   0.04457015  20.75486451   6.30928215  23.77207964   0.29672579
     172   0.56129303   0.04844576  25.69275428   6.50349245  40.43913126   2.05610647
     173   0.72383055   0.04401130  18.92328126   5.72162555  17.63114425   0.10979389
     174   0.56936028   0.04835406  17.80074719   5.48915019  12.41236550   0.70400183
     175   0.83238251   0.03695243  22.02464829   6.71362130  27.39626186   0.60387377
     176   0.70360528   0.04270437  18.33876715   5.80778679  12.01261936   0.77283832
     177   0.47931215   0.04785455  21.19302798   6.69598325  23.33009883   0.26300127
     178   0.35845282   0.04822445  20.73277049   6.77944921  21.92906684   0.16194212
     179   0.58376368   0.05156104  17.68778409   5.87752249   8.55797687   1.60152467
     180   0.46273730   0.04942446  17.58428664   5.33426600  12.54328061   0.68239376
     181   0.49740886   0.04848978  22.99240199   6.66104020  33.47206041   1.22292365
     182   0.71190107   0.04322352  17.32086704   5.13351698  11.69358927   0.83102388
     183   0.53099791   0.04530183  17.29617134   5.30781483  10.70875681   1.03084912
     184   0.80427777   0.03551424  20.03341373   5.99106507  19.06663812   0.01547119
     185   0.83760132   0.03548961  19.42200468   5.52398694  19.89348896   0.03188145
     186   0.35986557   0.04815824  19.10152511   5.73398882  17.31906612   0.13332135
     187   0.91439993   0.02717257  17.23783475   5.48533846  11.80702929   0.80999187
     188   0.48378732   0.04990179  19.61780017   6.09754779  19.81991222   0.02757072
     189   0.46764551   0.04622249  18.69817037   5.26549816  15.09132682   0.33943470
     190   0.72547689   0.04413733  20.76081441   6.41375605  25.28112799   0.41819422
     191   0.82138833   0.03685603  20.01932667   6.45699398  21.61120209   0.14029152
     192   0.53663971   0.04710048  20.70922693   6.45710071  21.59914593   0.13947989
     193   0.73437572   0.04116120  18.72296606   5.83007128  13.23023443   0.57606156
     194   0.80161684   0.04230721  19.36077209   6.09381495  15.52165596   0.29383090
     195   0.94331367   0.02440525  18.57601683   6.13358998  12.58137358   0.67619021
     196   0.72545626   0.04504164  17.15951914   5.49170789   9.94981819   1.20862903
     197   0.73212542   0.04221565  17.89818136   5.27790910   9.88317272   1.22535445
     198   0.95301545   0.02034218  20.46804917   6.47861093  16.43876217   0.20629112
     199   0.94435067   0.02342717  17.82116591   5.86311041  10.80785913   1.00925150
     200   0.49214914   0.04713273  19.41755844   5.80866759  18.50701228   0.04968047
     201   0.24466129   0.04151800  19.39839058   5.62841167  20.80010283   0.08726659
     202   0.34798231   0.04696638  23.10862699   6.21003060  32.22743727   1.08688240
     203   0.62425020   0.04867278  18.27628577   5.43057634  14.97872658   0.35188128
     204   0.43343292   0.04877828  18.91480334   5.88862746  15.53757526   0.29220188
     205   0.83572552   0.03607000  18.26544437   5.50534624  18.07427810   0.07832922
     206   0.19562484   0.03766448  18.36553134   5.66871364  13.64329760   0.51744470
     207   0.78305722   0.03960397  22.38172419   7.09138106  29.06110761   0.76163721
     208   0.91735530   0.02776443  18.10516232   5.78154254  11.46502252   0.87458768
     209   0.82038325   0.03597220  20.18458420   6.09222597  18.50997768   0.04949093
     210   0.56459912   0.04346750  18.96337644   5.95885391  16.82612183   0.17293293
     211   0.83744276   0.03573976  20.01854583   6.12848163  16.98206180   0.16006735
     212   0.80534150   0.04078885  20.11427793   5.96838164  24.31808016   0.33956363
     213   0.67250597   0.04589875  17.31962489   5.58601444  10.25039430   1.13550053
     214   0.95632106   0.01836994  19.53449572   5.99267722  12.31413497   0.72051293
     215   0.64580962   0.04430773  24.13011532   6.14797504  37.08604064   1.64103376
     216   0.38699229   0.04928245  18.79312934   5.82190917  16.76499385   0.17806303
     217   0.87746370   0.03362421  17.57046060   5.72226065   8.84092716   1.51364063
     218   0.59174302   0.04853377  19.36089280   5.70231403  16.52527955   0.19866347
     219   0.47270605   0.04525976  20.60589502   5.87735539  21.46122003   0.13024447
     220   0.77568045   0.04181708  21.42214948   5.99305788  26.35075978   0.50993645
     221   0.45451979   0.04863988  20.11979960   6.09998871  21.95342664   0.16362122
     222   0.78463168   0.04282758  18.01897364   5.47352537  13.93488130   0.47829246
     223   0.46461228   0.04638693  23.88633390   7.06826162  36.23969425   1.54022381
     224   0.82578208   0.04117041  23.58682389   6.41381314  34.31130180   1.31705420
     225   0.56803269   0.05174600  19.29761639   5.91874516  17.64912602   0.10847343
     226   0.66625418   0.04582564  19.75394974   5.88840104  20.01285127   0.03893405
     227   0.52321083   0.05061680  18.56086017   5.82054928  14.44161658   0.41435432
     228   0.88238989   0.03438029  19.96296074   6.05274316  20.29177343   0.05569897
     229   0.92919590   0.02819522  21.06383903   6.15900549  18.70595021   0.03716377
     230   0.89280829   0.03298103  20.15979856   6.22903641  18.76491005   0.03353066
     231   0.75698278   0.03985490  20.40015113   6.13422462  24.06952648   0.31990339
     232   0.48817648   0.04424959  19.17188167   5.88289805  17.72491513   0.10294924
     233   0.87685884   0.03448798  19.83388466   5.82256071  18.02803999   0.08150943
     234   0.40269612   0.05240954  17.81721344   5.54893580  14.56085778   0.40002966
     235   0.62186844   0.04828190  19.42957103   6.18511642  19.32780746   0.00053811
     236   0.85712648   0.03627216  22.02341682   6.50399019  25.86289872   0.46753144
     237   0.93244644   0.02512869  18.52550098   5.98279221  12.95805435   0.61681853
     238   0.24695686   0.04369016  19.91204271   6.51580046  18.60353761   0.04355720
     239   0.72849472   0.04132815  21.71942658   6.80892653  27.56715013   0.61961395
     240   0.69507925   0.04282501  22.97989027   6.63593619  30.41814073   0.89718434
     241   0.60528258   0.05032822  20.14246226   5.91143020  21.51989557   0.13416210
     242   0.65742971   0.04248751  25.40127857   6.36535299  41.43785257   2.18422504
     243   0.66328096   0.04550664  21.18090244   6.41856492  23.39620624   0.26799050
     244   0.44890083   0.04754590  17.14320412   5.25516012   8.91123819   1.49248703
     245   0.51759966   0.05155620  21.68617991   6.52180232  25.77957677   0.46038241
     246   0.79574836   0.03609834  18.94005900   5.92434477  18.04300269   0.08047774
     247   0.66251257   0.04932072  20.61940359   6.49250321  22.27656123   0.18615996
     248   0.59200655   0.04786738  21.42410912   6.09060874  24.98841315   0.39388801
     249   0.54962961   0.05064772  21.19691368   6.49175039  24.05597962   0.31883947
     250   0.86654802   0.03082334  18.94714583   5.77810604  14.21565834   0.44224103
     251   0.91303691   0.03000533  19.98592688   6.11906107  16.24975075   0.22331949
     252   0.77129684   0.03909415  22.62725814   6.14982835  35.75857912   1.48367894
     253   0.73042321   0.04430325  22.16226953   6.57489595  26.22703029   0.49909413
     254   0.92504564   0.02658804  19.90896592   6.15770850  18.64657231   0.04085775
     255   0.85622805   0.03319101  20.02453315   6.25787406  17.90392605   0.09016286
     256   0.89297911   0.03208823  19.30944397   6.15442284  18.39765604   0.05673357
     257   0.53258466   0.04726301  18.67332007   5.89246471  15.40302713   0.30609841
     258   0.40211418   0.04536493  21.08941831   6.63813549  24.99140519   0.39413468
     259   0.87790871   0.02947282  20.98245307   6.18438081  22.03344294   0.16915648
     260   0.59365986   0.04410642  17.51905151   5.37519800  12.06291602   0.76393372
     261   0.83713713   0.03443439  21.72124754   6.86397282  24.32652862   0.34023652
     262   0.80958614   0.03979788  20.03506042   6.25973829  19.67294714   0.01904419
     263   0.53855241   0.04898084  19.77360749   5.68350834  20.56833746   0.07271255
     264   0.75157241   0.04788170  21.39729894   6.52621605  24.62299566   0.36404081
     265   0.76282528   0.04114476  21.71826731   6.96859084  25.96367631   0.47621478
     266   0.85218294   0.03653741  19.92017282   6.06875958  16.39432271   0.21024949
     267   0.70756249   0.04099494  18.80907395   5.84001030  15.66993217   0.27881350
     268   0.61862051   0.04752859  21.26062055   6.17258123  23.53879226   0.27881776
     269   0.66526178   0.04638188  17.59439672   5.81828816  10.89159748   0.99127548
     270   0.89871855   0.02969531  20.08317701   6.45223280  19.99811728   0.03805949
     271   0.39137015   0.04711113  21.53623499   6.34457001  27.33473575   0.59823285
     272   0.78763276   0.04272276  19.72925036   6.27670042  18.38104885   0.05781555
     273   0.96970319   0.01893526  19.40628613   6.21411743  10.36215827   1.10923985
     274   0.53274383   0.04626168  18.34818114   5.60856335  14.54465345   0.40196071
     275   0.61258843   0.05018055  18.25161464   5.74811243  14.98410453   0.35128184
     276   0.47528062   0.04907401  19.96741182   5.86937045  18.59840670   0.04388030
     277   0.75340677   0.04555180  19.09923214   6.11455301  17.49285294   0.12007612
     278   0.89792804   0.03155173  22.92246313   6.56861039  32.10354879   1.07358177
     279   0.62570426   0.04642720  20.22378646   6.22892579  22.28837633   0.18699337
     280   0.59798060   0.04786750  21.05872879   6.35735998  22.41031096   0.19563243
     281   0.60340123   0.04584142  18.74628936   5.80766562  15.29579018   0.31738498
     282   0.67127098   0.04670708  20.42174704   5.44060005  25.81982933   0.46383265
     283   0.72441651   0.04714209  18.86258557   6.03293565  14.81446301   0.37043504
     284   0.79735497   0.03978856  18.39591448   5.52401797  19.74380018   0.02314092
     285   0.85932211   0.03428462  20.52431579   6.26430299  23.18121579   0.25183630
     286   0.50454722   0.04738871  25.58716651   6.95106629  43.02409990   2.39160600
     287   0.84703065   0.03802142  18.02805312   5.69343358  16.08858301   0.23824309
     288   0.58070215   0.04463811  17.17320238   5.62634593  11.87431864   0.79769639
     289   0.86878848   0.03352217  19.86553333   6.35794511  18.54282895   0.04739726
     290   0.94045164   0.02190940  21.78461022   6.57372322  23.39837952   0.26815485
     291   0.86066561   0.03494358  17.61901741   5.80947983  12.05286343   0.76570772
     292   0.72900638   0.04210856  16.97185404   5.52768345   8.46263088   1.63216956
     293   0.78753728   0.03459263  23.18194707   6.98615708  32.80397687   1.14935906
     294   0.82565556   0.03762988  18.33956176   6.02168994  13.37386871   0.55524647
     295   0.76977453   0.04278770  20.58172039   6.03926982  24.33476494   0.34089282
     296   0.89350855   0.02994721  18.34216752   5.87318611  14.66209071   0.38807570
     297   0.45384062   0.05222569  18.84858593   6.00326783  15.83724363   0.26228059
     298   0.79481458   0.04076661  20.37268244   6.33689070  22.64942095   0.21277379
     299   0.80112004   0.04141961  20.42955797   6.36764918  22.89406769   0.23058436
     300   0.45475449   0.05079095  21.82457863   6.92662320  27.06608121   0.57376511
     301   0.80899965   0.03605281  19.42044354   6.11985758  16.79825073   0.17526586
     302   0.48756524   0.04995642  19.46481602   5.80029491  19.22949608   0.00608492
     303   0.59230040   0.04862039  19.25385640   5.51627454  19.79903815   0.02635285
     304   0.56530510   0.05023656  20.07653123   5.96320828  18.12488623   0.07487529
     305   0.72786875   0.04388576  17.85114888   5.44461218  12.82640524   0.63716825
     306   0.53363397   0.04908988  17.84710260   5.83712249  10.89257151   0.99106784
     307   0.42559373   0.05017311  20.36578400   6.10231626  22.63328597   0.21160879
     308   0.73764748   0.04379042  17.89802250   5.38561140  13.25016714   0.57314482
     309   0.63278182   0.04896658  22.05620415   6.36398103  27.15856232   0.58215770
     310   0.36462242   0.04610744  24.82230230   6.09278092  38.53799243   1.81779718
     311   0.73537955   0.04681652  17.47007965   5.42480376   9.57288313   1.30578598
     312   0.60790227   0.04835005  22.16959006   6.57465402  27.89050633   0.64968700
     313   0.60116191   0.04695284  19.81422568   5.77932475  20.86646000   0.09148298
     314   0.55759365   0.05066705  16.72300610   5.12647954   6.58752359   2.36345711
     315   0.85960950   0.03622656  18.70233897   5.77506491  13.40727897   0.55047168
     316   0.74480122   0.04428073  18.88574203   5.54326260  19.41441984   0.00431794
     317   0.73736062   0.04428504  20.57135158   6.28626487  22.99626019   0.23810491
     318   0.75242606   0.04231052  21.41256131   6.31920337  29.09711781   0.76515568
     319   0.93679579   0.02786498  21.20348374   6.37916316  19.13807045   0.01132358
     320   0.49018632   0.04823864  21.10847281   5.90098333  25.35081196   0.42403207
     321   0.86121974   0.03488648  18.45351003   6.01281882  12.63528045   0.66747508
     322   0.24027225   0.03869935  20.49702571   6.10251536  22.21807759   0.18204429
     323   0.35100674   0.04848241  21.64878225   6.36992157  25.79482876   0.46168898
     324   0.48546190   0.04913604  18.95254072   5.83311712  17.31028478   0.13400035
     325   0.43075219   0.05477275  19.35570389   5.89569534  16.45264351   0.20506031
     326   0.78961416   0.03817932  23.24545241   5.96615294  34.29438989   1.31513887
     327   0.78024811   0.04345705  18.53696119   5.75914230  16.34525312   0.21465245
     328   0.46972226   0.05316861  17.85555083   5.91376175   9.38713040   1.35603638
     329   0.54085150   0.04791806  19.14335387   6.39158881  17.04813571   0.15471070
     330   0.50315692   0.04986386  20.04279594   5.33103996  20.02916673   0.03990375
     331   0.81666458   0.03610220  17.92877151   5.33570727  12.76546784   0.64673186
     332   0.69095000   0.04844643  18.21646765   5.45082292  14.11924755   0.45444223
     333   0.65932856   0.04676078  20.97403665   6.10323478  25.24007816   0.41476445
     334   0.62434942   0.04715480  20.84484545   6.09627523  21.29966377   0.11954412
     335   0.87235896   0.03090178  19.45435802   6.03577979  16.20620141   0.22731495
     336   0.83951215   0.03540142  19.25618972   6.17813522  13.70159652   0.50947311
     337   0.75538230   0.04161159  23.54403675   6.40686319  34.74068478   1.36593268
     338   0.66673509   0.04397579  22.55472165   6.42635565  31.88835653   1.05058505
     339   0.95614245   0.01944878  19.23032370   6.00008741  14.97270043   0.35255358
     340   0.86208422   0.03733130  19.16394108   5.90397648  18.64425380   0.04100271
     341   0.54967385   0.04955083  18.35576846   5.54975306  13.21162714   0.57879262
     342   0.18644265   0.03934187  22.82196192   7.23872956  30.41855720   0.89722685
     343   0.91099359   0.02847871  19.33132009   5.80095347  16.67434788   0.18576179
     344   0.61295265   0.04880862  19.46370318   6.10244972  15.74974606   0.27087276
     345   0.61951629   0.04967092  19.28876890   6.00356921  16.39657911   0.21004784
     346   0.70693099   0.04215751  25.10348026   6.73957804  39.06104550   1.88260861
     347   0.62753112   0.04495388  22.41612099   6.81943430  27.34695239   0.59935181
     348   0.82604641   0.03368587  23.75845615   6.65804184  33.52015162   1.22826650
     349   0.40997795   0.04785638  19.23478331   5.72521541  17.80826070   0.09695068
     350   0.93604913   0.02240568  18.52189973   5.76609442  12.05318370   0.76565116
     351   0.64154028   0.04691818  18.81971538   5.59632127  16.16090839   0.23149939
     352   0.83138874   0.03410695  20.00269596   6.24494573  18.62776182   0.04203538
     353   0.80161633   0.03691562  21.00088948   6.45307073  23.81312795   0.29990148
     354   0.70299183   0.04315805  22.93978866   6.57349279  33.76970629   1.25609227
     355   0.90523351   0.02788375  17.14622565   5.31695312   8.49192438   1.62269757
     356   0.82942206   0.03393108  19.63348864   5.73269779  15.93632355   0.25269185
     357   0.76117327   0.03917162  19.03482263   6.07414426  18.77106669   0.03315328
     358   0.86898342   0.03230813  17.62242923   5.50723019  11.96092301   0.78206575
     359   0.90723194   0.02894277  20.03145829   6.61207689  15.88701700   0.25744507
     360   0.79863266   0.03998206  19.52266367   5.79441571  18.46203026   0.05256665
     361   0.94053558   0.02286880  22.26538124   6.13675892  20.74946387   0.08406371
     362   0.73720394   0.04871267  20.18909645   5.84128951  23.73122202   0.29357216
     363   0.26189960   0.04599214  18.26621180   5.44984692  14.37425880   0.42256469
     364   0.26403972   0.04200809  19.58119875   5.73299923  18.31181838   0.06235725
     365   0.94583563   0.02071847  20.94684435   6.38891872  17.61399576   0.11105669
     366   0.78362647   0.04216505  17.04652814   5.50332905   8.70651223   1.55483031
     367   0.89078701   0.03611239  21.85419498   6.53724982  25.69672830   0.45330130
     368   0.88757946   0.03344427  22.25997576   6.69454252  27.15703706   0.58201903
     369   0.78680649   0.04315675  18.92710738   5.89728337  15.66358752   0.27944899
     370   0.76930534   0.04024566  19.22256037   5.84688908  18.96865353   0.02123937
     371   0.42931075   0.04906112  19.19190479   6.04113934  16.81856585   0.17356439
     372   0.81808072   0.03677460  19.56767107   5.96894783  20.98931322   0.09934688
     373   0.63884879   0.04646793  17.02964717   5.30049917  10.77011317   1.01743590
     374   0.87486409   0.03321237  21.59136154   6.47921136  26.88025648   0.55699803
     375   0.60152125   0.04790176  17.97166741   5.54810068  10.72721970   1.02679859
     376   0.36597360   0.04710524  21.32844248   5.66841518  29.89136056   0.84385542
     377   0.63325461   0.04836361  19.95977682   5.73262566  22.06785904   0.17154660
     378   0.82451736   0.03803022  19.25896952   5.96206877  17.68998269   0.10548716
     379   0.78460130   0.03779002  20.23919783   6.08281365  25.48036062   0.43493734
     380   0.61146101   0.04877855  24.63772463   6.46458345  42.07074674   2.26640762
     381   0.91863719   0.02797768  19.43264459   6.08261090  18.29259629   0.06362724
     382   0.62517076   0.04985282  19.84918788   5.98914813  19.90121955   0.03233599
     383   0.79421991   0.04197845  18.50603946   5.95077159  14.06163592   0.46182140
     384   0.91649050   0.02627650  21.51797574   6.77034558  22.87732595   0.22935682
     385   0.74228189   0.04282233  18.68288550   5.67613929  14.14147487   0.45161295
     386   0.68961995   0.04364021  20.19012079   6.05255385  19.48376630   0.00823379
     387   0.35825579   0.05295190  18.31111331   5.19261440  14.19980919   0.44423422
     388   0.67807719   0.04215541  20.80393729   6.62722109  22.04264123   0.16979473
     389   0.86912300   0.03169977  19.42332325   6.01297430  17.93022159   0.08831516
     390   0.24893622   0.03893895  23.40636209   7.17579129  30.33977456   0.88919491
     391   0.37713907   0.04728190  20.25078127   6.18539894  19.21029022   0.00717895
     392   0.69442205   0.04411765  18.44217383   5.55814738  15.92935254   0.25336164
     393   0.76842761   0.04286897  21.96544905   6.29378266  28.08297177   0.66776455
     394   0.35707021   0.04946990  17.89579909   5.44177503  11.62285498   0.84433407
     395   0.70589946   0.04385737  18.84086818   6.10076936  16.22517080   0.22557124
     396   0.92035189   0.02680350  22.08830298   6.23270509  21.74445762   0.14930903
     397   0.47714387   0.05076478  19.19944975   5.60008484  14.65830330   0.38851954
     398   0.75468389   0.04137439  18.82885213   5.52237750  18.99462095   0.01970177
     399   0.79652239   0.04277799  19.11740141   5.29885167  23.44695911   0.27183408
     400   0.72624757   0.04370434  17.36889380   5.52528501  11.28006273   0.91104010
     401   0.80405509   0.03751249  21.11294920   6.09888530  24.51332821   0.35519202
     402   0.78176201   0.04177078  18.25270451   5.57946824  19.38307465   0.00255622
     403   0.61315731   0.04763258  18.95171538   5.69930618  16.68700622   0.18468009
     404   0.52923234   0.04795629  20.37199405   5.77248946  22.40972446   0.19559071
     405   0.87779359   0.03438434  24.10965271   6.95594960  35.41953215   1.44417125
     406   0.79521809   0.04047445  18.63530753   5.23563863  20.05778934   0.04160821
     407   0.54885023   0.04729340  21.90123502   6.75227606  28.70434738   0.72701652
     408   0.80992609   0.03990905  18.22506708   5.41663930  13.78766824   0.49783615
     409   0.91678387   0.02555692  19.89150911   6.23270160  18.16966742   0.07184227
     410   0.62646999   0.04738685  21.72716732   6.66021702  26.90407442   0.55913992
     411   0.88572922   0.03118649  22.15424754   6.67615941  25.61711795   0.44652269
     412   0.95429596   0.01924191  19.30525089   5.80987932  12.92864935   0.62132723
     413   0.88983067   0.02954637  19.06546321   6.12282381  15.89448379   0.25672290
     414   0.73286161   0.04438214  20.65347826   6.20460255  24.24714788   0.33392604
     415   0.82027968   0.03923825  19.98278874   6.22585495  22.26119014   0.18507670
     416   0.54031882   0.04813599  17.99550969   5.57734130  11.76872296   0.81705105
     417   0.83581080   0.03638656  18.22090997   5.49301247  14.26607553   0.43593327
     418   0.85387125   0.03459820  18.59139578   5.56826854  15.38273917   0.30821923
     419   0.91342404   0.02819340  19.70322070   5.43096799  19.85910356   0.02986339
     420   0.64710620   0.04858922  21.78110027   6.06877417  28.99396713   0.75508876
     421   0.75975371   0.04581429  17.87046939   5.30161187  13.54098902   0.53161121
     422   0.48397693   0.04811952  19.71658777   6.30650040  19.44232515   0.00589067
     423   0.86728537   0.03118451  18.64808328   5.76569596  14.09837268   0.45710831
     424   0.26300585   0.04335813  20.78588437   6.52959455  21.35187564   0.12298837
     425   0.51558306   0.04705116  22.16934378   5.86168184  31.63812362   1.02401485
     426   0.71730640   0.04783997  18.40715859   5.46707883  15.26393277   0.32077447
     427   0.57098286   0.04664495  20.56627956   6.05706219  20.79611217   0.08701372
     428   0.72494390   0.04223234  18.56547898   6.04284782  16.75271454   0.17909952
     429   0.64626823   0.04553768  17.80780794   5.42494772  13.41913146   0.54878381
     430   0.43024265   0.04984358  16.75660552   5.70567036  10.11099957   1.16895281
     431   0.81522641   0.03732188  22.23672866   6.75647855  27.89501604   0.65010907
     432   0.55843684   0.04748623  19.30815282   5.78707841  18.69944695   0.03756662
     433   0.48865313   0.04498738  21.93394253   5.75379160  31.14824064   0.97253945
     434   0.84490499   0.03260261  19.06102212   6.05978945  14.80880026   0.37108316
     435   0.50485805   0.05095381  21.23911602   6.83796999  22.58787215   0.20833621
     436   0.44698767   0.04717320  18.77685308   5.78978569  16.21581031   0.22643103
     437   0.40501304   0.05038585  17.37948801   5.42363898  10.57963397   1.05952607
     438   0.76611492   0.04321062  18.97055720   5.78764919  17.87292357   0.09235128
     439   0.38743797   0.04820567  18.69548830   5.87613205  15.35659136   0.31096255
     440   0.66485981   0.04282033  20.93377801   6.23855176  24.29616771   0.33781977
     441   0.76717833   0.04055299  17.92959001   5.58128993  11.60487442   0.84774179
     442   0.79873564   0.03666088  21.85109726   6.37107512  25.43395185   0.43102291
     443   0.48787686   0.05028163  19.44805219   5.99617718  18.65560803   0.04029334
     444   0.74105887   0.04347027  18.45134974   6.32514543  13.27050685   0.57017793
     445   0.77436913   0.04096955  23.11826959   6.72195038  33.00871874   1.17177219
     446   0.39490310   0.04981604  19.40299582   5.84603732  19.01241124   0.01865209
     447   0.64776772   0.04585514  20.85168806   6.51155472  22.03296279   0.16912318
     448   0.67198811   0.04244724  17.62781441   5.39999012  11.88830270   0.79515777
     449   0.89338215   0.03136762  20.32942143   6.26472630  22.48309705   0.20082231
     450   0.81963496   0.03603835  19.64410123   6.18684723  14.44384357   0.41408434
     451   0.52204129   0.04666348  20.51034700   6.20915970  21.39196976   0.12564227
     452   0.46196989   0.04972840  16.80154691   5.32235104   7.60365496   1.93420276
     453   0.66260929   0.04490994  21.51129797   6.01402604  30.91914649   0.94871668
     454   0.35588154   0.04560207  18.10973091   5.87532784  11.89197413   0.79449222
     455   0.43816767   0.04873258  21.34352756   6.18456736  24.30041020   0.33815724
     456   0.83552720   0.03252295  19.53643461   5.62207631  16.57386316   0.19442538
     457   0.59952423   0.04731802  17.29160612   5.40038760  10.14364567   1.16104766
     458   0.67069576   0.04814867  18.32176362   5.57901446  15.14034167   0.33408460
     459   0.72448806   0.04561009  17.06286240   5.56330013   7.47570441   1.98357701
     460   0.94819033   0.02303343  18.70787234   5.92338885  11.65063231   0.83908905
     461   0.52934175   0.04846674  22.26621616   6.46285364  27.38432039   0.60277785
     462   0.86426959   0.03282852  17.25747322   5.60562212  11.30353794   0.90635261
     463   0.83033310   0.03633948  20.23870985   5.61855597  19.98108547   0.03704997
     464   0.76153387   0.04154144  20.20276762   6.02073298  21.29917029   0.11951163
     465   0.68119469   0.05052374  16.40535091   4.82477606   7.90894282   1.82120838
     466   0.65494602   0.04746669  20.23075066   6.18622719  21.53763831   0.13535002
     467   0.84992570   0.03395311  24.53744048   6.22181336  35.51119460   1.45482424
     468   0.76844241   0.04201416  23.85808005   6.91840472  34.03729736   1.28611501
     469   0.66946325   0.04641323  19.10060352   5.75056115  17.67151863   0.10683432
     470   0.70686250   0.04336169  21.76771523   6.41282987  27.06354060   0.57353500
     471   0.82326782   0.04107397  17.86959585   6.00169232  14.77797516   0.37462128
     472   0.88421061   0.03078652  22.07082046   6.79204246  27.46617578   0.61030053
     473   0.47175208   0.04798059  16.78722707   5.39422607   8.24929059   1.70271181
     474   0.88869946   0.02933625  21.86839103   6.31008307  23.17622655   0.25146387
     475   0.35464054   0.04638069  24.40605919   6.94669040  37.93818622   1.74420531
     476   0.73128211   0.04514448  20.42271077   6.49089999  20.89213537   0.09312029
     477   0.78518594   0.03781800  23.81947373   6.26748017  38.07458829   1.76087135
     478   0.53244886   0.05028688  17.50279483   5.49422146   8.93618872   1.48504411
     479   0.54593937   0.04921703  21.04894938   5.88431450  26.45613496   0.51921693
     480   0.19505050   0.03895460  18.38375120   6.06511276  12.01784344   0.77191010
     481   0.44127934   0.04944324  21.12830832   6.16383687  25.74247327   0.45720778
     482   0.61279263   0.04599760  18.97607293   5.60334774  16.59138518   0.19290481
     483   0.58867656   0.04714649  19.23870220   6.29184911  16.32352269   0.21661315
     484   0.85239792   0.03381529  20.54240572   6.25952531  22.65525783   0.21319553
     485   0.59418238   0.04895271  18.61205526   6.08541718  12.89718845   0.62617437
     486   0.79358272   0.03861121  17.54659697   5.30504554   9.92138285   1.21574199
     487   0.47305805   0.04729269  21.13273641   6.37903024  24.77704375   0.37655570
     488   0.87925063   0.03074053  20.90991717   6.34368988  21.65317011   0.14312233
     489   0.83059835   0.03710572  24.51016489   7.21332852  37.00493818   1.63130085
     490   0.86160437   0.03437539  19.46458223   5.93795728  17.11271644   0.14952878
     491   0.28085306   0.04001096  17.97779250   5.51000667  14.54492594   0.40192819
     492   0.73952931   0.04073779  18.80885142   5.94503388  15.74678178   0.27116591
     493   0.54149910   0.04837874  20.42216404   5.75593411  22.95487234   0.23505338
     494   0.38634070   0.05114262  19.81548326   6.10760076  16.45373784   0.20496339
     495   0.88076093   0.03289052  18.03885021   5.73462650  14.65860453   0.38848423
     496   0.63249612   0.04754090  27.14598208   6.51388939  54.37964796   3.99305705
     497   0.20999577   0.03814291  18.83407248   5.74765569  15.64622548   0.28119122
     498   0.52793410   0.05021240  20.25656699   6.46392958  22.08236946   0.17255599
     499   0.66590993   0.04313159  20.43342920   6.30537491  22.04399089   0.16988842
     500   0.42810798   0.04782733  17.20534704   5.23137950  11.97225625   0.78003630
     501   0.68871855   0.05056435  19.42394127   6.01827635  17.86741375   0.09274134
     502   0.85076904   0.03824760  18.79492504   5.90350286  16.10002599   0.23717104
     503   0.85796324   0.03366963  16.80669822   5.14961518  10.33685163   1.11514300
     504   0.93808331   0.02128288  21.83747072   6.71813002  23.46235970   0.27300265
     505   0.49509614   0.04643521  20.18815518   5.80347971  21.69079110   0.14566712
     506   0.32918057   0.04540891  17.12389946   5.43651158  11.06851811   0.95410030
     507   0.59909155   0.04437983  20.13963669   5.50536468  22.52341533   0.20370770
     508   0.44630818   0.04824118  16.82737226   5.66814712   7.87412828   1.83376339
     509   0.20045500   0.04248116  17.59758889   5.55316064  14.93031708   0.35729990
     510   0.73697166   0.04135064  20.49772468   6.46243957  24.27519720   0.33615279
     511   0.61485430   0.04741129  20.79056671   5.91712192  22.09604896   0.17350849
     512   0.50391932   0.04570612  19.07890099   5.80293448  17.07579049   0.15248523
     513   0.53312794   0.04924298  17.78743804   5.39956006  12.75823394   0.64787329
     514   0.79439406   0.04132455  20.22661413   6.01010703  21.85251459   0.15668380
     515   0.71783084   0.04524032  19.87108148   5.81955220  20.08016013   0.04294331
     516   0.84397608   0.03542362  20.55677188   6.44810485  23.27566152   0.25890743
     517   0.77438690   0.04265097  19.12916294   6.08634459  17.45392734   0.12301123
     518   0.87525344   0.03303178  19.70785282   6.26193577  19.88475771   0.03136844
     519   0.87566803   0.03287405  20.87385090   6.06415813  23.65361559   0.28760216
     520   0.71414877   0.04334296  21.31596664   6.24088000  24.68199117   0.36882190
     521   0.73915319   0.04276766  17.41515567   5.21569496  11.45877765   0.87580067
     522   0.54870091   0.04738330  22.79797984   6.00695364  30.35548497   0.89079503
     523   0.79899184   0.04096081  18.69416663   5.75086262  16.37113215   0.21232613
     524   0.41046676   0.05052264  20.70674043   5.88088875  21.46156752   0.13026762
     525   0.51158957   0.05043168  17.85699377   5.59653415   9.76499639   1.25548382
     526   0.67400653   0.04476690  19.93927702   5.74304038  21.68482494   0.14526310
     527   0.82868081   0.03636950  20.50293749   6.34183246  19.80117422   0.02647737
     528   0.97208645   0.01661597  19.90361798   6.22053509  12.99445577   0.61126595
     529   0.67689978   0.04997554  22.52224629   6.64143402  29.18836566   0.77409082
     530   0.55708364   0.04923286  21.16766183   6.58103423  24.60435291   0.36253301
     531   0.59775283   0.04966077  18.06386832   5.21184595  12.34935798   0.71456277
     532   0.84498371   0.03890020  20.01103062   6.32843204  19.25766079   0.00448674
     533   0.38822489   0.04795392  17.52937392   5.60227097  11.88115177   0.79645522
     534   0.55760544   0.04790288  19.52622378   6.53328420  17.30103845   0.13471632
     535   0.82257406   0.03528522  23.10672883   6.32970634  29.46068134   0.80092180
     536   0.37020088   0.04989611  18.54170909   5.68064942  15.13564829   0.33459513
     537   0.87857356   0.03166552  20.40208191   6.34366888  23.16261306   0.25044823
     538   0.37858205   0.04635655  20.08361203   6.07301481  22.77489561   0.22187428
     539   0.48376212   0.05030699  21.41300108   6.55998924  24.94953381   0.39068603
     540   0.87585019   0.03278821  21.94551716   6.26797464  29.96947716   0.85170743
     541   0.67991074   0.04565734  18.02104132   5.66192288  13.48692231   0.53919000
     542   0.91951956   0.02555577  18.90472267   6.00781602  12.00446244   0.77428920
     543   0.54326632   0.04700152  22.49430152   6.32619998  33.07969672   1.17956947
     544   0.64850547   0.04517139  20.64900440   6.20700571  21.12327716   0.10800703
     545   0.51987864   0.04657276  17.28696711   5.30101133  10.42614949   1.09442399
     546   0.67104946   0.04608798  18.26423305   5.63667152  13.09701540   0.59579196
     547   0.26606410   0.04469410  21.36992103   6.51177469  28.55372934   0.71253094
     548   0.68726230   0.04649494  17.71948308   5.42614438  11.09011634   0.94963542
     549   0.81339286   0.03782029  21.12616375   6.39561838  23.39083876   0.26758468
     550   0.96755477   0.01723750  19.74194411   5.91232643  12.57794738   0.67674665
     551   0.96375742   0.02034957  19.85447629   5.96920480  14.18693333   0.44585712
     552   0.52759523   0.04929123  20.55776400   6.20637448  22.34780139   0.19119497
     553   0.74558028   0.04104515  21.45055591   6.51576510  24.34829246   0.34197136
     554   0.42945839   0.05225887  22.53769758   5.96617441  30.76729401   0.93301498
     555   0.76323866   0.04497761  18.31970975   5.58200590  12.72018896   0.65389790
     556   0.78969306   0.04254733  20.28952473   6.46462852  24.62993900   0.36460275
     557   0.75871760   0.03958943  19.46172791   5.98700500  15.70989722   0.27482497
     558   0.76720454   0.03978830  17.26265036   5.42361079   9.49814160   1.32581083
     559   0.58698606   0.04753294  18.59910473   5.46220702  15.64705359   0.28110801
     560   0.66115744   0.04882839  18.79473838   5.94709715  17.68687299   0.10571377
     561   0.68670847   0.04396451  20.84834665   6.34130988  21.51700001   0.13396838
     562   0.84592757   0.03495556  21.11990892   6.30888478  23.14664500   0.24925800
     563   0.74213639   0.04409347  18.81699231   5.95299624  14.77548029   0.37490838
     564   0.60953944   0.04686737  20.40071030   6.06079190  24.67617805   0.36835015
     565   0.65999626   0.04718951  20.31150144   6.57160324  20.23743851   0.05240197
     566   0.43425730   0.05164812  22.66630435   6.64761858  30.27861674   0.88297338
     567   0.69603331   0.04483301  21.79803329   6.15397685  28.50945047   0.70828735
     568   0.59323839   0.04854524  21.33647036   6.20218593  23.87678565   0.30484087
     569   0.67676527   0.04512547  18.67007372   5.70272792  14.86209624   0.36500581
     570   0.50491503   0.04778997  17.86267524   5.64680613  11.78644025   0.81378066
     571   0.96621887   0.01831631  18.94027574   5.88101590   9.48450929   1.32949125
     572   0.33333877   0.05154386  18.39295700   5.81580767  15.63531772   0.28228820
     573   0.52345969   0.04823258  24.88827753   6.73451756  37.48744876   1.68942831
     574   0.85811793   0.03420445  21.77359151   6.57909243  27.26366943   0.59173455
     575   0.93420334   0.02309815  19.72428389   5.92234474  15.56580915   0.28932266
     576   0.81634284   0.03961589  21.32497973   6.18082763  23.78500920   0.29772529
     577   0.76064151   0.03922549  20.51223535   6.27218908  19.54295986   0.01159622
     578   0.81527896   0.03659361  20.17181978   6.03334031  20.20046319   0.05016694
     579   0.82021348   0.03313427  20.43999646   5.88988934  21.70254568   0.14646362
     580   0.70329285   0.04500290  22.11687656   6.56616854  31.07159997   0.96455195
     581   0.77545820   0.03944926  18.18377968   5.95858188  13.85676124   0.48860746
     582   0.58893769   0.04727881  21.76009136   6.45449917  26.77071177   0.54717442
     583   0.90716459   0.02997792  19.44098771   6.00919750  17.29107785   0.13548877
     584   0.60764701   0.04677219  17.08348119   5.41571993   7.05550924   2.15477924
     585   0.50321898   0.04931991  19.82619375   6.12001474  20.06771145   0.04220005
     586   0.87428962   0.03287211  19.66850209   5.79641464  18.85534346   0.02802500
     587   0.61263551   0.04455206  28.24985821   7.59811948  56.48092422   4.30808347
     588   0.87517821   0.03283591  18.38644770   5.77584674  18.91047801   0.02470768
     589   0.83300071   0.04029231  17.35966796   5.63096980  12.34290142   0.71565097
     590   0.54171951   0.04666865  20.07388931   6.09995919  20.09306770   0.04371480
     591   0.96524757   0.02052337  18.91754765   6.13898862  12.56279124   0.67921172
     592   0.75054648   0.04274313  17.82671179   5.53857603  11.40349416   0.88659257
     593   0.51414314   0.04981719  19.88962871   6.17541521  20.34366079   0.05886146
     594   0.63470443   0.04682887  22.24064065   6.28373118  31.86804423   1.04842136
     595   0.75031767   0.04138003  18.29399549   5.31081127  13.96632461   0.47417609
     596   0.77263891   0.04053063  20.40202777   6.15220490  21.24114035   0.11569933
     597   0.48710744   0.04760460  20.27616706   5.88734588  20.86669032   0.09149765
     598   0.54725983   0.04679692  18.41476624   5.69735438  13.29904067   0.56603173
     599   0.31767021   0.04470067  20.20055857   6.44281922  22.38901753   0.19411880
     600   0.92063598   0.02622827  19.08713314   6.34262281  13.15800017   0.58670848
     601   0.74169649   0.04280252  21.36101395   6.61551081  21.62784872   0.14141335
     602   0.62651229   0.04651689  20.15645060   6.15272134  22.31656537   0.18898440
     603   0.60258973   0.04884964  19.72635303   6.17314519  17.81719335   0.09631248
     604   0.55576064   0.04952745  21.09346515   6.20538748  24.19632475   0.32989990
     605   0.44163315   0.04825451  18.44544250   6.02398023  13.94791131   0.47658419
     606   0.38330728   0.04454246  23.30347541   6.78343013  33.87214831   1.26756329
     607   0.92180300   0.02643255  20.66726130   6.57322059  22.25396392   0.18456782
     608   0.79450963   0.03765698  18.29974980   5.86295422  11.59928809   0.84880254
     609   0.90348591   0.02934396  20.22907549   6.11927400  20.01956361   0.03933283
     610   0.58260031   0.04593122  19.50078666   5.84609580  19.21460137   0.00693307
     611   0.85191632   0.03656508  19.63782245   5.59006719  22.91160559   0.23187163
     612   0.79520840   0.03889914  18.43159483   5.84507423  15.04488615   0.34454169
     613   0.89444758   0.02828322  18.96121379   5.99333168  15.48818058   0.29726964
     614   0.57890288   0.04740441  22.69717994   6.18106459  31.53570083   1.01319300
     615   0.82990965   0.03898553  21.78598437   6.50631603  24.00176291   0.31458942
     616   0.77227151   0.04130931  19.33852057   6.12500625  18.09746359   0.07674338
     617   0.69008322   0.04570014  19.88457712   5.76720400  25.42766401   0.43049322
     618   0.76888902   0.04415037  18.67683862   5.63899164  12.96998300   0.61499545
     619   0.75275281   0.04193341  18.89353528   5.95635424  18.86812616   0.02725325
     620   0.57058947   0.04882660  21.33284546   5.94473029  25.43915983   0.43146176
     621   0.83393156   0.03799483  20.34559837   6.33656294  23.28399100   0.25953297
     622   0.48448508   0.04942208  21.25135662   6.46419210  26.72867105   0.54341636
     623   0.78547887   0.03850602  22.11381600   6.76600856  32.61673206   1.12896453
     624   0.85855759   0.03241027  19.61183839   6.12938298  19.94402999   0.03485873
     625   0.91476096   0.02764990  17.71867271   5.88622679  10.46389846   1.08575800
     626   0.95324969   0.02001918  18.38127772   6.25626988  12.04502079   0.76709371
     627   0.53547185   0.04811956  20.09068218   6.56189356  21.26953041   0.11756237
     628   0.55521862   0.05254260  21.97580782   6.58251500  29.81017857   0.83571623
     629   0.75623783   0.04322163  19.00897455   5.97292908  17.35311476   0.13069752
     630   0.86179496   0.03519156  19.27148816   6.36372260  17.34024976   0.13168725
     631   0.77813822   0.04030606  21.03178264   6.11116091  25.50328193   0.43687388
     632   0.55119522   0.04959841  20.75370664   6.34378424  22.51858509   0.20336163
     633   0.75509343   0.04292764  19.05645738   5.52114385  23.15877679   0.25016218
     634   0.42495746   0.05107314  20.05520986   6.17879140  18.97859435   0.02064998
     635   0.37628759   0.04636802  22.15162812   6.77271133  29.52133041   0.80693099
     636   0.84803633   0.03602952  18.59822728   5.90242213  15.62763702   0.28306176
     637   0.71135669   0.04835228  16.67015929   5.34749155  10.82444799   1.00567065
     638   0.93225805   0.02578639  19.64361031   5.96775918  16.45905360   0.20449285
     639   0.72033086   0.04298685  21.04112710   6.38984312  22.96014668   0.23544183
     640   0.24055202   0.04309516  20.70825200   6.04141869  27.60003683   0.62265527
     641   0.88296009   0.03231250  20.09536332   6.31592165  17.00301987   0.15836222
     642   0.88658537   0.03281390  20.17742334   6.07230704  21.88504822   0.15891511
     643   0.85054859   0.03174921  18.60456481   5.75351086  17.77928187   0.09902733
     644   0.55697028   0.04326606  21.08584616   6.23691563  24.66403360   0.36736505
     645   0.56843314   0.04714517  18.97500741   5.72491055  14.83895012   0.36763896
     646   0.80888446   0.03820175  21.70925369   6.51528558  23.51006281   0.27662895
     647   0.84788966   0.03432983  19.26929102   5.98859159  16.77781577   0.17698287
     648   0.78304524   0.03924113  17.95877477   5.38184843  13.25298279   0.57273355
     649   0.93010640   0.02481712  21.34036066   6.42555596  20.09150757   0.04362151
     650   0.89830472   0.02857636  19.22929476   5.75233976  15.92461253   0.25381749
     651   0.60404479   0.04605570  18.56818438   5.84724838  16.68339294   0.18498864
     652   0.29768343   0.04264564  21.30092609   6.44555454  25.88527630   0.46945611
     653   0.51831414   0.04716595  21.85294597   6.19509280  28.89081348   0.74505754
     654   0.51257307   0.04962884  20.11156901   6.21153986  20.86527245   0.09140733
     655   0.77253546   0.04124873  21.10880975   6.38856553  25.87392117   0.46847922
     656   0.82126367   0.03385932  22.03215950   5.96379240  24.25508185   0.33455555
     657   0.69140381   0.04483754  23.57481353   6.50923321  35.03896320   1.40016628
     658   0.64654759   0.04694737  18.86799282   5.86112413  15.65634183   0.28017550
     659   0.47046752   0.04651933  21.45200368   6.86338403  25.60240850   0.44527298
     660   0.69278306   0.04786052  16.45564254   5.57377430   6.92433996   2.21125192
     661   0.75665174   0.03884347  24.32290491   6.66318977  36.41592620   1.56107569
     662   0.60827030   0.04441784  21.76298356   6.30850673  26.35649822   0.51044074
     663   0.71604589   0.04020267  22.16055799   5.96204578  29.80476378   0.83517411
     664   0.70655546   0.04546929  18.72762700   5.77150867  15.21221816   0.32631267
     665   0.73069683   0.04310786  18.40206277   5.60320541  16.51878980   0.19923204
     666   0.84523187   0.03861686  22.82599862   6.17764605  28.97491734   0.75323354
     667   0.72264619   0.04323135  19.39758148   5.86498225  18.46530625   0.05235574
     668   0.83798704   0.04026049  18.53519182   5.79583965  18.75558051   0.03410325
     669   0.87107139   0.03230158  18.72626157   5.93301953  16.12779316   0.23457762
     670   0.44322013   0.05017919  23.94873085   6.83302354  39.42720085   1.92832424
     671   0.40020583   0.04693733  20.67192818   5.91332803  23.91301774   0.30766010
     672   0.76255205   0.04527200  18.84463952   5.89375626  18.35519061   0.05950602
     673   0.54141977   0.04731281  17.68834864   5.44581300  13.03178267   0.60560519
     674   0.76956832   0.04252238  18.12008846   5.46644719  11.82901172   0.80596049
     675   0.63943805   0.04703223  21.66318251   6.31402164  27.92633961   0.65304269
     676   0.93378645   0.02333236  20.76857344   6.26672089  15.56899036   0.28899905
     677   0.61512234   0.04789256  18.31640084   5.61944255  15.38308007   0.30818354
     678   0.83675754   0.03395344  19.86710693   5.97593453  18.23544227   0.06742658
     679   0.75342777   0.04475359  22.30524494   6.53245635  29.68317985   0.82302651
     680   0.27386681   0.04084108  18.49490939   5.54760042  14.57635244   0.39818774
     681   0.93810651   0.02100547  20.36857048   5.63857098  18.46893634   0.05212218
     682   0.80295004   0.03902474  19.41940566   5.49696216  19.46250408   0.00703048
     683   0.47055439   0.05117592  21.69222072   6.18894980  27.58541127   0.62130223
     684   0.83532907   0.03665755  20.40826104   6.38713859  21.94691051   0.16317179
     685   0.41583799   0.04991240  17.84491591   5.39252390  12.23171381   0.73456730
     686   0.91929337   0.02740460  20.68139677   5.94297205  18.56598974   0.04592782
     687   0.49486296   0.04920327  19.27681589   5.56114395  18.05719151   0.07950168
     688   0.89106682   0.02931356  18.63856207   5.91434817  14.07484033   0.46012425
     689   0.81098609   0.04170363  19.73922010   6.12234334  21.72563552   0.14803015
     690   0.54276822   0.04865106  25.59724001   6.80199477  43.74526403   2.48739852
     691   0.66489774   0.04770066  22.23461436   6.08760469  32.41505030   1.10710886
     692   0.94841946   0.02294470  20.74666073   6.48073489  15.47022852   0.29912118
     693   0.70645677   0.04750261  18.14272240   5.61330099  13.55171074   0.53011592
     694   0.58429154   0.04782088  19.53225032   6.38409806  17.19944495   0.14265237
     695   0.47091574   0.05419468  19.83273581   6.10032621  19.02598900   0.01785300
     696   0.67527277   0.04413712  19.63407720   6.18955814  18.16026081   0.07247757
     697   0.59877555   0.04788747  23.47342575   6.30831366  32.70865837   1.13896468
     698   0.60747216   0.04854500  19.35294396   5.98813682  18.00160219   0.08333837
     699   0.49750161   0.05039840  21.84667036   6.15989700  26.76408593   0.54658168
     700   0.73664299   0.03726716  21.04559811   6.00096339  22.66792420   0.21411126
     701   0.68635979   0.04722983  19.06364539   6.19840830  15.78960651   0.26694393
     702   0.53492335   0.04711686  20.82561016   6.25112500  23.09148046   0.24515494
     703   0.86760827   0.03070819  18.90481519   5.98145357  18.78848080   0.03208789
     704   0.89787055   0.03092468  22.62783991   6.22888678  26.97677841   0.56569115
     705   0.71213655   0.04322830  17.43019371   5.64927550  12.08258563   0.76047082
     706   0.70435135   0.04623492  20.71268193   5.93223121  25.85150001   0.46655181
     707   0.69373612   0.04232688  20.48000494   6.23089778  20.22021659   0.05136010
     708   0.70817987   0.04610629  18.47300769   5.48443951  14.64209822   0.39042156
     709   0.93191796   0.02843198  19.06127961   6.15701073  14.20940491   0.44302687
     710   0.27628898   0.04425559  22.01249157   6.87391474  30.00682549   0.85546851
     711   0.77102768   0.03966721  17.73568502   5.31774194  12.01090225   0.77314359
     712   0.29591759   0.04386584  18.95334864   6.02389669  18.02483902   0.08173046
     713   0.72753430   0.04314708  19.40039501   5.85982397  18.99502701   0.01967777
     714   0.92920826   0.02547760  21.89795343   6.34365488  22.78969597   0.22295248
     715   0.57882252   0.04899404  18.90704630   5.86136948  16.88287021   0.16821437
     716   0.68965609   0.04409550  18.64183691   5.45559172  16.91152465   0.16584777
     717   0.89619617   0.02999550  19.79153051   6.16846068  18.78287454   0.03243055
     718   0.84034703   0.03379966  20.24531695   6.16125631  20.56644848   0.07259504
     719   0.56009500   0.04883593  18.76283663   5.88008443  14.34148517   0.42659083
     720   0.70757375   0.04596828  19.23393721   5.89045211  17.75366536   0.10087103
     721   0.33140963   0.04353985  23.95176134   6.44849309  35.43037592   1.44543042
     722   0.76347864   0.04236911  18.57491603   5.59775955  16.13940619   0.23349631
     723   0.80133846   0.04588908  16.84731184   5.25360026   9.68502436   1.27622160
     724   0.75462070   0.04159687  19.75727691   6.05311626  18.70951141   0.03694335
     725   0.66680728   0.04723382  18.90805885   5.80885908  14.94722124   0.35540312
     726   0.76160607   0.04220148  19.95766476   6.34523631  18.75213494   0.03431493
     727   0.44054037   0.05070688  18.29733772   5.65159229  14.70700249   0.38283248
     728   0.68879208   0.04468334  20.11187716   5.99980546  23.77733614   0.29713205
     729   0.81740516   0.03681422  20.97378974   6.17847182  23.76626231   0.29627633
     730   0.88086709   0.03271443  22.41182850   6.36141972  28.35603886   0.69363734
     731   0.93097559   0.02333936  20.09574141   6.34782783  16.17242735   0.23043239
     732   0.50574743   0.04919141  21.12887514   6.57989152  23.68632665   0.29011529
     733   0.76464133   0.03636012  18.18742339   5.57678051  12.96453771   0.61582724
     734   0.75495658   0.04083446  21.09313871   6.35844595  27.81156123   0.64231018
     735   0.21494895   0.03894072  19.13665512   5.61323297  19.11300951   0.01277322
     736   0.35968930   0.04700721  22.63837574   6.18828039  32.21056459   1.08506833
     737   0.42034298   0.04666904  17.83837229   5.29071182  13.37095976   0.55566339
     738   0.64913378   0.04771502  17.86994159   5.56560978  12.79355056   0.64231307
     739   0.88496849   0.03159126  19.64933277   6.56448261  20.10646246   0.04451632
     740   0.89634646   0.03104026  20.17545960   6.24533834  19.34800833   0.00059147
     741   0.62052959   0.04730064  18.88373080   5.82808425  17.59577977   0.11240187
     742   0.95769474   0.01978874  19.91781689   6.35685480  13.59726312   0.52379093
     743   0.88187324   0.03109197  20.41097206   5.68276257  19.09272954   0.01395065
     744   0.70279412   0.04383500  18.77448935   5.64846898  14.69992997   0.38365572
     745   0.47245211   0.05107089  19.42521069   5.58209608  18.29140638   0.06370599
     746   0.34317545   0.04642594  20.16177025   5.97392304  20.56976674   0.07280148
     747   0.49894908   0.04895690  17.85994235   5.53638273  13.87329851   0.48641335
     748   0.57664061   0.04732888  20.70035882   5.67646298  25.82048791   0.46388916
     749   0.33890905   0.04600466  22.02168431   6.28992216  33.23443337   1.19661648
     750   0.74511288   0.04367931  19.61775820   6.25123244  16.03399939   0.24338331
     751   0.69285946   0.04478445  18.15905176   5.95208224  13.44503051   0.54510650
     752   0.74981389   0.04226412  17.84383551   5.59850036  10.18536583   1.15100845
     753   0.74140532   0.04252386  23.15713949   7.04397764  32.08649577   1.07175445
     754   0.90876941   0.02613902  21.06453904   6.51289108  26.09221705   0.48734817
     755   0.60319556   0.04604305  19.52144385   5.89956642  21.05197558   0.10338670
     756   0.55348752   0.04772390  18.58600476   5.72176023  16.44480933   0.20575461
     757   0.85772216   0.03230631  19.17780712   6.04463408  15.70646338   0.27516669
     758   0.67727949   0.04698442  21.16207861   6.37125268  25.35716630   0.42456539
     759   0.76502827   0.04281960  19.98319963   5.97971823  20.93043448   0.09556869
     760   0.96581778   0.01837364  19.12716904   6.22303359   9.29032155   1.38287639
     761   0.50415221   0.04799425  21.82331739   6.18413266  28.45253587   0.70284275
     762   0.31466243   0.04424469  18.40730324   5.61205226  15.60029726   0.28582283
     763   0.37130904   0.04524470  17.43166424   5.21853017  13.50473991   0.53668532
     764   0.93408151   0.02452231  21.06660919   6.45934133  22.63978740   0.21207807
     765   0.68840656   0.04514587  19.68099371   6.07173590  20.29331947   0.05579301
     766   0.89742013   0.03160146  22.20711692   5.97995579  24.74187456   0.37368982
     767   0.57679097   0.05245529  19.44737133   5.59468643  16.19624435   0.22823230
     768   0.60691267   0.04673300  18.38080391   6.01470301  15.05272663   0.34367689
     769   0.35602898   0.04890092  19.33646410   6.31900133  16.97802735   0.16039624
     770   0.53856878   0.04735337  22.76061806   5.68811842  32.93454972   1.16363934
     771   0.50344911   0.04965541  20.45496401   6.23947557  22.32496309   0.18957826
     772   0.60558836   0.04975618  16.61148442   5.14499288   6.29512371   2.50466059
     773   0.94005451   0.02342917  20.27012729   5.93966463  19.10388430   0.01330254
     774   0.69759582   0.04722417  19.05430777   6.12744185  18.07440157   0.07832076
     775   0.45273056   0.04761060  17.49982322   5.41596097   6.59073717   2.36195367
     776   0.62098287   0.04879121  20.01999630   6.26354604  20.63374251   0.07679251
     777   0.40370482   0.04855714  17.30055181   5.30732400   9.90863876   1.21894105
     778   0.39433325   0.04756066  23.37978337   6.38743808  34.55594787   1.34484470
     779   0.72423211   0.03906363  20.88149905   6.08414850  23.87925707   0.30503299
     780   0.70614748   0.04367382  19.70814373   6.00914139  20.72422219   0.08247197
     781   0.73395652   0.04466829  19.89228916   5.97846561  23.30732814   0.26128724
     782   0.60530345   0.04932626  22.28169389   6.11058907  28.38657280   0.69654664
     783   0.89373122   0.03080207  19.24220887   6.08615881  16.71896261   0.18195885
     784   0.43494117   0.04722969  23.69247610   6.38525405  36.49733325   1.57073281
     785   0.91248013   0.02664700  20.36329465   6.25218454  18.23694683   0.06732612
     786   0.74915416   0.04316334  18.57617888   6.03020601  14.93053547   0.35727536
     787   0.70640449   0.04805246  22.74187315   6.15693671  33.34518295   1.20885807
     788   0.68699813   0.04636779  22.33716803   6.85912786  28.63984453   0.72080344
     789   0.50484541   0.04809405  20.71882199   6.62120682  24.51559753   0.35537461
     790   0.66608057   0.04574097  20.57800785   6.34957613  21.59689605   0.13932850
     791   0.75587532   0.03969739  17.61421501   5.55541375  12.81997316   0.63817337
     792   0.59612018   0.04674574  19.55457920   5.63205625  19.44310972   0.00593494
     793   0.71553554   0.04142825  20.37851680   6.16476975  21.90002960   0.15994429
     794   0.36440797   0.04693952  22.48989577   6.48518114  29.61697746   0.81643245
     795   0.45241606   0.04990712  24.08213310   6.79128507  35.00014844   1.39569866
     796   0.58267786   0.05121778  19.70310249   6.10215652  16.56866774   0.19487705
     797   0.30389741   0.04414571  18.57154016   5.65779172  15.04823168   0.34417255
     798   0.91251937   0.02655993  19.81058570   5.69614620  19.42931358   0.00515683
     799   0.44247320   0.04878232  19.41478867   5.78510731  19.04805066   0.01655836
     800   0.79247397   0.03859149  18.41227978   5.77484137  14.42181520   0.41675900
     801   0.63360571   0.04654788  18.37835235   5.48946483  15.19552201   0.32811025
     802   0.62886572   0.04513966  24.22589076   6.46749567  39.35992033   1.91990298
     803   0.62101672   0.04893758  21.07486846   6.36453585  25.41195658   0.42917072
     804   0.55432193   0.04707206  21.72820732   6.65264025  26.84182714   0.55354667
     805   0.53828673   0.04864043  20.59392321   6.36868091  24.09933487   0.32224721
     806   0.70824710   0.04271032  24.43799760   7.49680185  39.27171075   1.90887644
     807   0.65845208   0.04662832  19.01056807   6.10409952  15.31816329   0.31501462
     808   0.63226529   0.04963823  21.84860739   6.50949833  26.16075663   0.49331102
     809   0.87060998   0.03380025  20.12533080   6.37223972  18.36040702   0.05916443
     810   0.95320777   0.02125641  19.68036532   6.16976933  16.60406083   0.19180741
     811   0.32342660   0.04581863  19.73956685   5.77894219  19.04898241   0.01650379
     812   0.80139545   0.03857190  19.96786345   6.29524249  24.51301328   0.35516668
     813   0.55427984   0.04501060  24.62991702   6.74331364  40.02438218   2.00348156
     814   0.50778764   0.04889177  19.06781357   6.12577743  15.56202008   0.28970833
     815   0.48945073   0.04686534  18.17863761   5.73148504  11.57014142   0.85435255
     816   0.72257517   0.04375036  20.25075202   6.11925221  21.56591440   0.13724632
     817   0.63442948   0.04850861  18.97147703   5.84224560  16.89178738   0.16747675
     818   0.70282814   0.04562145  17.44769048   5.44960618  12.01506158   0.77240429
     819   0.82754781   0.03905896  17.75378153   5.37283696  11.67862729   0.83382666
     820   0.73734316   0.04169491  19.72776960   6.42867091  19.09967948   0.01354671
     821   0.62460433   0.05024832  17.67349390   5.22020246  13.30380510   0.56534123
     822   0.61690104   0.04928222  19.93421298   5.70488173  19.83410356   0.02839999
     823   0.85737386   0.03205512  20.92000512   5.92121467  26.31004293   0.50636193
     824   0.75687557   0.04169708  20.36499773   6.13228172  21.51966206   0.13414648
     825   0.67467142   0.04468796  17.74408144   5.53729950  12.14032698   0.75036793
     826   0.52718603   0.04665920  19.06555017   5.49189419  17.22736098   0.14045897
     827   0.45436247   0.05156344  18.89451288   5.89238729  15.07528975   0.34119409
     828   0.42135408   0.04682850  22.71408779   6.13475350  32.87346536   1.15695282
     829   0.28957002   0.04310477  22.24586358   6.06398681  32.08641927   1.07174625
     830   0.78789966   0.04057322  20.31067930   5.92212084  19.99832297   0.03807169
     831   0.84839741   0.03468961  18.61917508   5.40705484  16.16411924   0.23120178
     832   0.70390397   0.04327303  19.77306541   6.03096535  21.10362290   0.10673094
     833   0.63023357   0.05027465  19.10710162   5.32492457  19.02805185   0.01773175
     834   0.28826058   0.04675084  19.67553958   5.50292349  20.61808979   0.07581414
     835   0.31588102   0.04757400  20.14848842   6.00370229  24.89249191   0.38599953
     836   0.57962273   0.05131690  19.03191342   5.89240222  16.80478184   0.17471826
     837   0.89077001   0.03085486  19.78547390   5.79593871  20.22700792   0.05177077
     838   0.54685751   0.05079700  20.41660801   5.89273813  22.21262978   0.18166173
     839   0.94329255   0.02281405  17.62741935   5.56726940  10.03078894   1.18856187
     840   0.48431448   0.04952073  19.18552193   5.94419004  16.41417734   0.20847756
     841   0.58772279   0.04869213  19.16699204   5.98575652  18.15482821   0.07284492
     842   0.66221049   0.04893924  18.67856555   5.67963655  14.46313250   0.41174984
     843   0.68183313   0.04503973  19.07710108   5.70905202  20.28054473   0.05501639
     844   0.81486106   0.03666826  20.48667310   6.27156697  19.66151618   0.01838570
     845   0.59792584   0.04887658  18.10653598   5.84182316  12.19205309   0.74139628
     846   0.76383297   0.03986042  19.58910256   5.91478966  18.39352908   0.05700217
     847   0.22204614   0.03881333  21.99879293   6.70530561  27.56658638   0.61956185
     848   0.88029732   0.03524602  19.46846016   6.05191164  21.43433393   0.12845492
     849   0.73638311   0.04181703  18.38652069   5.58846631  14.92597474   0.35778795
     850   0.61268005   0.05182440  20.33531089   5.97274608  20.41177370   0.06303361
     851   0.15487798   0.03827206  19.07941209   5.31484270  18.91306011   0.02455304
     852   0.70595916   0.04588964  17.75525426   5.49579368  10.62376994   1.04965472
     853   0.56260194   0.04334014  21.82015289   5.61846733  29.43065472   0.79795122
     854   0.34606497   0.04510779  17.26612497   5.18342803   9.74586368   1.26041932
     855   0.48116019   0.04930103  20.12343772   6.37143579  20.13176069   0.04603262
     856   0.32744659   0.04883793  23.01921535   6.07653117  34.50901683   1.33950151
     857   0.79296747   0.03474872  20.47208621   6.16695551  22.44530101   0.19812426
     858   0.51811243   0.05056929  19.62910740   6.18586125  18.55576911   0.04657559
     859   0.65732421   0.04729757  21.77889831   6.15541137  26.57214390   0.52948317
     860   0.87176136   0.02870046  20.23085365   5.95709465  20.63855198   0.07709337
     861   0.71160883   0.04219188  16.71977237   5.21164788   9.71935122   1.26728532
     862   0.92241318   0.02578636  20.50145715   6.21125836  19.05067411   0.01640472
     863   0.45576588   0.04953583  20.93503144   5.77180925  27.16808669   0.58302384
     864   0.51296724   0.05134893  18.58096474   6.31747006  14.59609138   0.39584772
     865   0.76881741   0.04488361  20.24747708   6.10349681  20.60603668   0.07506160
     866   0.64927454   0.04553394  20.25507912   6.13390318  21.52464086   0.13447966
     867   0.71980577   0.04532471  19.79828359   5.68495156  24.09300402   0.32174910
     868   0.73540505   0.03948714  22.87750532   6.64617696  28.66658233   0.72337716
     869   0.71705039   0.04189758  19.81181201   6.47388900  20.63716608   0.07700666
     870   0.89937544   0.02896875  18.05439068   5.65337877  12.94296902   0.61912897
     871   0.66592381   0.04621047  18.67118626   5.61781125  16.17732204   0.22997957
     872   0.72912890   0.03954725  18.61941053   5.63339088  12.44303878   0.69889871
     873   0.38153783   0.04537145  21.00758891   5.89407441  24.18658253   0.32912940
     874   0.76932269   0.04015847  21.11453629   6.49739209  24.07328881   0.32019901
     875   0.68443083   0.04513683  22.21285186   6.33641120  28.31185656   0.68943337
     876   0.78541927   0.04082081  17.72491177   5.65418540  12.93486062   0.62037310
     877   0.83104625   0.03596207  20.52375233   6.25264232  20.47143093   0.06670710
     878   0.76529323   0.04040378  17.95849080   5.94192355  12.87076210   0.63026448
     879   0.83975055   0.03822204  20.71875261   5.87956400  23.82386398   0.30073329
     880   0.83379051   0.03630095  19.80635233   6.39927547  19.06696093   0.01545234
     881   0.30231406   0.04529725  20.43477589   5.94956358  25.45655426   0.43292827
     882   0.85685304   0.03624540  19.62314398   5.99606250  18.89032425   0.02591685
     883   0.67852250   0.04818446  16.97047400   5.43354742  10.34007585   1.11438951
     884   0.32664754   0.04552841  20.73418159   6.39338156  23.06707274   0.24334391
     885   0.38301831   0.04901233  18.00221167   5.47115440  13.70035722   0.50964181
     886   0.82047493   0.03587614  21.48033646   6.64623926  24.84763133   0.38232330
     887   0.64561541   0.04882956  22.99882220   6.34564725  34.87565420   1.38139509
     888   0.58518493   0.04599935  25.35641305   6.78174312  38.10381510   1.76444773
     889   0.32346166   0.04267281  19.36837439   5.69817660  19.62443098   0.01625404
     890   0.45349551   0.04858093  17.60949951   5.64373808  12.29583582   0.72361737
     891   0.80716828   0.03859454  17.94753669   5.49010716  16.24199465   0.22402909
     892   0.50464992   0.05176866  17.83466056   5.47463979  12.93580679   0.62022784
     893   0.94085538   0.02346057  19.77379447   6.39727822  15.64615299   0.28119850
     894   0.65792708   0.04578890  20.24904636   5.90965915  21.83441273   0.15544448
     895   0.67466039   0.04844640  20.93549865   5.92848562  22.56251121   0.20651280
     896   0.82722016   0.03881860  23.47114047   7.28894801  30.00783420   0.85557016
     897   0.93755608   0.02219182  19.41719874   6.22648928  15.93698773   0.25262807
     898   0.28488207   0.04055792  21.31754461   5.67465895  25.67130804   0.45113408
     899   0.80997030   0.03834336  19.25376347   6.05404076  16.59017877   0.19300937
     900   0.97318982   0.01585211  18.36215353   5.91954301   7.20888399   2.09062063
     901   0.32465943   0.04351906  19.76118706   6.32389590  20.58521547   0.07376334
     902   0.68243592   0.04629961  18.91623750   5.82340039  16.54781788   0.19669336
     903   0.62570855   0.04761648  23.15790890   6.64323793  31.26476297   0.98471766
     904   0.28074726   0.04308951  20.76423878   6.09470437  25.45652764   0.43292602
     905   0.56534052   0.04540053  23.66774047   7.31621368  31.07425645   0.96482851
     906   0.53131145   0.04781467  23.84159452   7.02464769  36.53813597   1.57557905
     907   0.62625784   0.04803591  20.38356278   6.49929808  20.93164381   0.09564611
     908   0.79981602   0.03582156  21.77262656   6.82625210  27.81538439   0.64266691
     909   0.66822605   0.04783835  20.93218168   5.71747134  28.15245633   0.67432324
     910   0.76204251   0.04282381  17.23156943   5.47900808  11.84186409   0.80361007
     911   0.79264658   0.03812829  19.38657495   5.80342722  18.85299091   0.02816721
     912   0.70514349   0.04978809  19.19782486   5.73156229  20.87876862   0.09226749
     913   0.87476071   0.02997973  18.12363376   5.75500679  12.65196359   0.66479296
     914   0.51233185   0.04759337  18.90097989   5.69679509  17.10266005   0.15033223
     915   0.83560232   0.03507786  17.73112912   5.71780252  12.11586624   0.75463640
     916   0.88625337   0.03026418  20.07142824   5.88502653  18.89533491   0.02561586
     917   0.79062738   0.04126086  21.78939458   5.82426657  31.65915097   1.02624043
     918   0.90523358   0.02784287  17.81930755   5.64938764  12.84233988   0.63468259
     919   0.54667054   0.04984357  17.76936685   5.57215860  11.71232433   0.82752383
     920   0.59314271   0.04858179  18.43321230   5.48211358  12.61458082   0.67081279
     921   0.41513993   0.04677238  20.23183492   6.55987003  19.90855113   0.03276736
     922   0.63443579   0.04561069  19.49610176   6.05321747  17.94216797   0.08747828
     923   0.68801132   0.04503287  24.30339270   5.74212436  44.74708531   2.62196864
     924   0.89532334   0.03178192  18.96468390   5.96978706  15.51140913   0.29488159
     925   0.50177312   0.05065929  18.30835674   5.74083829  11.87879032   0.79688400
     926   0.88356508   0.03396776  19.44179516   6.20250151  15.87027811   0.25906707
     927   0.55453713   0.05269972  19.17965057   6.09777094  16.26916180   0.22154738
     928   0.87450607   0.03235157  18.13902665   5.43360819  13.42396732   0.54809604
     929   0.75225709   0.03985120  24.43134310   6.67731368  39.60662983   1.95082877
     930   0.72846398   0.04288769  20.45937929   5.98724101  25.52839599   0.43899809
     931   0.38874046   0.05132911  22.12635853   6.42928305  30.04420553   0.85923728
     932   0.85510626   0.03300083  16.83473632   5.67905916  11.28882500   0.90928837
     933   0.39298502   0.04843553  19.93794309   6.13496636  19.19845034   0.00785509
     934   0.73918935   0.04133113  20.48097661   5.76817394  22.00219523   0.16699126
     935   0.75594150   0.04767669  18.44469448   5.61919006  17.11603358   0.14926404
     936   0.50092219   0.04903316  18.04154357   5.60567310  10.57891426   1.05968764
     937   0.46123940   0.04887556  19.26453440   5.58156028  18.55126088   0.04686166
     938   0.71629307   0.04343060  20.79746174   6.50761307  23.58531723   0.28237009
     939   0.80481217   0.03955179  19.31690938   6.01252818  16.08694369   0.23839683
     940   0.64584688   0.04515240  18.13214316   5.77285813  13.98859974   0.47127219
     941   0.47743099   0.05104691  18.84745300   5.78788266  17.02076715   0.15692271
     942   0.84840962   0.03594001  20.86297989   6.43938751  21.10655200   0.10692099
     943   0.75480396   0.04300563  16.06776001   4.77844622   7.96402043   1.80151447
     944   0.56157619   0.05055716  17.15111280   5.57957800   8.55356126   1.60293214
     945   0.61301664   0.05211144  22.00448285   6.69367230  27.24916477   0.59041053
     946   0.88045766   0.03067972  21.91113075   6.09717076  27.36342425   0.60086138
     947   0.39213660   0.04778532  18.22407845   5.90917541  14.97684250   0.35209141
     948   0.49621695   0.05334326  19.95076135   6.48565767  18.90720616   0.02490371
     949   0.77410572   0.04633991  20.46291867   5.91233124  26.99454843   0.56729539
     950   0.49793448   0.05108902  19.66372461   6.30903815  18.05886995   0.07938637
     951   0.92910587   0.02541163  20.58944098   6.27470746  20.18476424   0.04922009
     952   0.84689843   0.03739087  20.08602626   5.83089213  22.51193580   0.20288540
     953   0.61404968   0.04575170  19.21374101   5.78431252  16.17836698   0.22988295
     954   0.31845610   0.04583379  21.39438696   6.42073057  26.31949286   0.50719097
     955   0.56759387   0.04915346  19.13510802   5.70849463  15.15430411   0.33256803
     956   0.67942607   0.04544657  19.64086823   5.63844855  16.74571206   0.17969149
     957   0.80700872   0.03587978  19.31781402   5.58081642  16.50596385   0.20035743
     958   0.57949820   0.04679385  20.63167791   6.01304644  24.52792527   0.35636690
     959   0.55530912   0.04863825  19.76473828   6.55498770  19.22175924   0.00652522
     960   0.58641317   0.04604714  18.52306642   5.74344627  15.97615239   0.24887897
     961   0.85438961   0.03583915  19.58410930   6.19260044  18.68152994   0.03867871
     962   0.23032824   0.03937727  18.48608331   5.67500126  13.37308116   0.55535932
     963   0.62050467   0.04393106  18.74279399   5.64397619  15.31451795   0.31540027
     964   0.80742728   0.03829332  20.98598200   6.59388890  25.46701144   0.43381049
     965   0.63299528   0.04605315  19.55459932   5.82753516  19.25588265   0.00458743
     966   0.69246307   0.04535504  20.57897824   6.19561672  23.10940825   0.24648688
     967   0.51497267   0.04894349  19.18814860   5.78128411  16.12320566   0.23500531
     968   0.78045025   0.04130641  17.78251951   5.32050080  11.69553423   0.83066004
     969   0.72171992   0.04355764  19.08101798   6.02134597  14.57244526   0.39865178
     970   0.78681063   0.04153594  19.23899067   5.93025900  16.80938298   0.17433281
     971   0.45178366   0.04948981  18.66884926   5.59750797  16.09908875   0.23725878
     972   0.73844638   0.04461793  21.77842892   6.57406769  25.50468279   0.43699230
     973   0.70755483   0.04409617  19.24363001   5.63729122  17.54037558   0.11651724
     974   0.69530287   0.04411567  19.40265860   5.51203183  23.08192652   0.24444573
     975   0.70625299   0.04442477  20.01694683   6.33486766  17.90892049   0.08981132
     976   0.63778745   0.04733962  18.21588738   5.78338729  13.48824142   0.53900432
     977   0.91582482   0.03087105  20.48714271   6.32075105  19.71814237   0.02165438
     978   0.57050694   0.04909787  19.21740604   6.17522796  16.80663484   0.17456300
     979   0.69410326   0.04596788  18.46741626   5.79787136  13.95723400   0.47536410
     980   0.74760903   0.04369350  18.26716918   5.74047969  13.93647731   0.47808303
     981   0.39951565   0.05077029  18.45558162   5.86549255  14.68097333   0.38586677
     982   0.90289856   0.03195315  21.25428610   6.32700562  19.24190446   0.00537992
     983   0.83915662   0.04026029  21.03068637   6.38490727  26.71394593   0.54210165
     984   0.58016296   0.05102290  21.12349475   6.45283750  23.13700998   0.24854037
     985   0.83183815   0.03613959  19.53460663   5.87485645  16.29394949   0.21929223
     986   0.91803747   0.02573391  20.04167264   6.14429458  22.09650077   0.17353996
     987   0.57266304   0.05072643  19.35467077   5.68818231  18.07609076   0.07820503
     988   0.77939389   0.03962538  21.78632149   6.28488481  29.04100446   0.75967488
     989   0.38739923   0.04903075  21.34279922   6.32217449  22.59498793   0.20884835
     990   0.49689623   0.04962703  22.95867897   6.48121702  32.63364386   1.13080247
     991   0.50161434   0.04706544  20.31693566   6.27022182  21.22648834   0.11473936
     992   0.48883697   0.04921927  17.89419909   5.77935723  13.04590911   0.60347153
     993   0.86816994   0.03296621  18.53737346   5.68122376  15.62263565   0.28356598
     994   0.38629400   0.04578234  19.74658187   6.24061838  20.01997770   0.03935744
     995   0.94500792   0.02364627  20.53986568   6.32730303  16.69106984   0.18433329
     996   0.78712160   0.04149160  19.08428716   6.26485587  17.10230190   0.15036087
     997   0.83500350   0.03860372  19.19497298   5.88740600  22.00900857   0.16746298
     998   0.74852032   0.04294411  17.58660943   5.61322426  10.51757085   1.07353006
     999   0.52658732   0.04859486  21.35282276   5.93802612  24.19561805   0.32984399
    1000   0.58125798   0.04465710  17.18018290   5.28916440   9.44396081   1.34049004
