 I J M_lda_ij SD_lda_ij M_omega_ij SD_omega_ij
    1     1     45.32326637      4.74236547      0.02983580      0.00240570
    1     2      1.34715594      1.45961640     -0.00484780      0.00202386
    1     3      2.91733739      2.33857277     -0.00373169      0.00199036
    1     4      3.41399310      2.61685078     -0.00120043      0.00144103
    1     5      0.90863433      3.40410516      0.00037018      0.00175615
    1     6     -3.17905534      2.84770638      0.00414225      0.00181104
    1     7     -0.15000928      2.35474605     -0.00071573      0.00181541
    1     8      4.78467419      3.12549397     -0.00438348      0.00209496
    1     9      3.21147948      2.20303793     -0.00296637      0.00178079
    1    10     -0.96698793      2.65598910     -0.00187905      0.00190940
    1    11      0.43679833      1.76304119      0.00008910      0.00251859
    1    12      0.91298299      2.58740080     -0.00114162      0.00201376
    1    13      1.03912625      2.07333089     -0.00282602      0.00198424
    1    14      3.90322208      1.88714299     -0.00339654      0.00197218
    1    15    -15.13830517      2.46140582      0.01123466      0.00167445
    1    16      3.24914803      2.47758372     -0.00026609      0.00223101
    1    17     -1.39229168      3.14133172      0.00215567      0.00175377
    1    18     -1.71154514      2.22845494      0.00045931      0.00194567
    1    19     -5.97574265      2.09021518      0.00470713      0.00197817
    1    20     -0.11861374      2.81455352      0.00253009      0.00158372
    2     1      1.34715594      1.45961640     -0.00484780      0.00202386
    2     2     22.11561181      1.38565687      0.09357708      0.00451089
    2     3     -2.61767429      1.14898835      0.04895298      0.00267938
    2     4      0.08491447      2.13052198      0.00580585      0.00266027
    2     5      0.82761643      1.50315985     -0.02758757      0.00207739
    2     6      0.79137236      1.37935300      0.01521731      0.00240472
    2     7     -6.32076249      1.68454945      0.02918556      0.00278335
    2     8     -1.69644988      1.77785763      0.04533380      0.00315845
    2     9     -4.04211101      1.31904674      0.04530921      0.00288419
    2    10     -4.11491327      1.85944141      0.04452207      0.00326612
    2    11      1.46941682      0.87427773      0.03462078      0.00341493
    2    12     -7.02537976      1.72045816      0.04788088      0.00323173
    2    13      0.38008465      1.00613666      0.04007913      0.00289165
    2    14      0.60380020      0.88401427      0.02461554      0.00304800
    2    15      1.22444417      1.36300866      0.00801514      0.00211972
    2    16      2.29860345      1.22191436     -0.03857329      0.00272433
    2    17     -0.52971316      2.17842003     -0.02734738      0.00224210
    2    18      1.38379612      1.26858526      0.03723325      0.00286023
    2    19      0.97073602      1.15423942      0.03695965      0.00271680
    2    20      1.30988327      1.64180717     -0.01421131      0.00189820
    3     1      2.91733739      2.33857277     -0.00373169      0.00199036
    3     2     -2.61767429      1.14898835      0.04895298      0.00267938
    3     3     32.59509594      2.04871653      0.08336777      0.00321836
    3     4      0.58621215      2.30943115      0.00401293      0.00242374
    3     5      3.42075715      2.56555821     -0.03221221      0.00211193
    3     6      2.10910423      1.75898526      0.01708636      0.00242328
    3     7     -5.16017755      1.64539231      0.02768436      0.00226389
    3     8     -9.08474526      2.05900077      0.05351561      0.00287748
    3     9     -1.03933570      1.77511977      0.04451230      0.00274669
    3    10     -2.94790894      1.82054929      0.04610788      0.00234555
    3    11     -1.48580445      1.31044168      0.04203624      0.00292602
    3    12      0.25371922      1.97364296      0.04664322      0.00261064
    3    13     -3.61377652      1.73253041      0.04656626      0.00294302
    3    14      0.45253071      1.41641808      0.02851370      0.00268524
    3    15     -2.33695441      2.16518471      0.01287335      0.00224349
    3    16      1.68095141      1.73049275     -0.04237413      0.00257439
    3    17      3.72324382      2.09538410     -0.03278680      0.00186462
    3    18     -2.04504619      1.66591914      0.04322163      0.00268452
    3    19     -3.32976853      1.44689837      0.04384011      0.00256574
    3    20     -1.36864455      2.16450334     -0.01361157      0.00201823
    4     1      3.41399310      2.61685078     -0.00120043      0.00144103
    4     2      0.08491447      2.13052198      0.00580585      0.00266027
    4     3      0.58621215      2.30943115      0.00401293      0.00242374
    4     4     46.95168015      3.25158905      0.02617141      0.00210800
    4     5     -3.43000069      3.06472652      0.00002039      0.00186965
    4     6      0.80719063      2.37507336      0.00288161      0.00161522
    4     7     -0.23696393      2.18419812      0.00272265      0.00168233
    4     8      0.82349542      2.50877962      0.00429316      0.00215146
    4     9     -0.90515304      2.80449573      0.00538763      0.00189021
    4    10      1.65647029      2.77600893      0.00301622      0.00198733
    4    11     -0.33289108      1.48562084      0.00658675      0.00232272
    4    12    -12.36924999      2.87354447      0.01115370      0.00235931
    4    13     -1.64687451      1.76284626      0.00432203      0.00187849
    4    14      1.24978730      1.45662754      0.00268512      0.00194646
    4    15     -1.63342130      3.25929365      0.00244454      0.00189979
    4    16      3.02401074      1.74645566     -0.00337259      0.00194232
    4    17     -5.38980894      2.73715287      0.00083310      0.00163984
    4    18      3.74110776      2.68892073      0.00362086      0.00218464
    4    19     -0.48074555      2.38787773      0.00601763      0.00184241
    4    20     -4.00250719      3.14103022      0.00243997      0.00188597
    5     1      0.90863433      3.40410516      0.00037018      0.00175615
    5     2      0.82761643      1.50315985     -0.02758757      0.00207739
    5     3      3.42075715      2.56555821     -0.03221221      0.00211193
    5     4     -3.43000069      3.06472652      0.00002039      0.00186965
    5     5     46.95916116      5.19745848      0.04519575      0.00269755
    5     6      3.26807984      2.22053753     -0.01203812      0.00146486
    5     7     -6.82873043      2.81736807     -0.01062319      0.00187298
    5     8     -0.54578299      3.06106765     -0.03043781      0.00188736
    5     9      0.76886371      2.47881253     -0.02694825      0.00179017
    5    10      5.67313878      3.20663028     -0.02979513      0.00206228
    5    11      1.09431216      2.04403716     -0.02649334      0.00271525
    5    12      3.72463825      3.10080048     -0.02967540      0.00219300
    5    13      4.30124444      2.15372838     -0.02806708      0.00202356
    5    14      3.06863522      2.12371385     -0.02052256      0.00220759
    5    15      2.90450724      3.19590005     -0.00877669      0.00184383
    5    16     -5.85798987      2.41862240      0.03178886      0.00259491
    5    17     -6.11501568      3.21239270      0.02376384      0.00206904
    5    18     -0.15449409      3.01918344     -0.02644017      0.00228566
    5    19      0.37095547      2.29768145     -0.02594133      0.00189201
    5    20     -6.80008247      2.66331102      0.01255352      0.00168100
    6     1     -3.17905534      2.84770638      0.00414225      0.00181104
    6     2      0.79137236      1.37935300      0.01521731      0.00240472
    6     3      2.10910423      1.75898526      0.01708636      0.00242328
    6     4      0.80719063      2.37507336      0.00288161      0.00161522
    6     5      3.26807984      2.22053753     -0.01203812      0.00146486
    6     6     43.31214453      3.61159816      0.03713382      0.00277320
    6     7     -3.72798673      2.45010833      0.00955694      0.00198251
    6     8     -6.90464729      2.53405169      0.02124375      0.00225647
    6     9      1.71630299      2.15891960      0.01543142      0.00217299
    6    10     -4.73891374      2.35784193      0.01844820      0.00226447
    6    11     -5.41761479      1.45118898      0.02619143      0.00298285
    6    12     -3.83041778      2.57782032      0.02163940      0.00223116
    6    13      4.58925150      1.77929549      0.00954654      0.00225989
    6    14      1.48620860      1.26781866      0.01298808      0.00213011
    6    15     -4.52448148      2.20317621      0.01054898      0.00157411
    6    16      2.00322261      1.72854444     -0.01582333      0.00203031
    6    17     -1.72194206      3.41658426     -0.00926598      0.00192090
    6    18     -0.13328228      2.10830525      0.01664415      0.00208586
    6    19     -2.70810080      2.16922430      0.02021205      0.00213911
    6    20     -8.68071633      3.00983012      0.00229459      0.00178188
    7     1     -0.15000928      2.35474605     -0.00071573      0.00181541
    7     2     -6.32076249      1.68454945      0.02918556      0.00278335
    7     3     -5.16017755      1.64539231      0.02768436      0.00226389
    7     4     -0.23696393      2.18419812      0.00272265      0.00168233
    7     5     -6.82873043      2.81736807     -0.01062319      0.00187298
    7     6     -3.72798673      2.45010833      0.00955694      0.00198251
    7     7     41.80724489      2.57070515      0.04067524      0.00248454
    7     8      3.38300671      2.07259340      0.02063168      0.00230469
    7     9     -3.98523628      1.97432737      0.02416296      0.00238428
    7    10     -1.84366250      2.89949437      0.02255820      0.00248254
    7    11     -3.13595206      1.23300345      0.02230645      0.00248083
    7    12      2.55355365      2.01646663      0.02143407      0.00206671
    7    13     -7.24086325      1.97800859      0.02678852      0.00224562
    7    14     -0.24098927      1.38925339      0.01272044      0.00237521
    7    15     -1.30203913      2.53080613      0.00638735      0.00203438
    7    16     -1.08980741      1.77885893     -0.01748660      0.00215955
    7    17      1.96846041      3.07404097     -0.01417095      0.00167476
    7    18      1.89495279      2.05558722      0.01908072      0.00236154
    7    19     -2.70369639      1.46121607      0.02169752      0.00196256
    7    20      4.19326522      2.19662017     -0.00766519      0.00146427
    8     1      4.78467419      3.12549397     -0.00438348      0.00209496
    8     2     -1.69644988      1.77785763      0.04533380      0.00315845
    8     3     -9.08474526      2.05900077      0.05351561      0.00287748
    8     4      0.82349542      2.50877962      0.00429316      0.00215146
    8     5     -0.54578299      3.06106765     -0.03043781      0.00188736
    8     6     -6.90464729      2.53405169      0.02124375      0.00225647
    8     7      3.38300671      2.07259340      0.02063168      0.00230469
    8     8     43.47352226      3.54754488      0.07310726      0.00364400
    8     9      0.82086094      1.97539935      0.04146284      0.00245816
    8    10     -7.03965193      2.61777899      0.04599476      0.00264045
    8    11      1.15473446      1.48037303      0.04006283      0.00313573
    8    12     -6.10724982      3.16798712      0.04863577      0.00308689
    8    13     -0.34077196      2.22676049      0.04016686      0.00296836
    8    14     -1.63841429      1.30278731      0.02997661      0.00239393
    8    15      2.87804887      3.42184700      0.01019399      0.00247826
    8    16      5.13039739      1.83918732     -0.04265457      0.00240072
    8    17      6.95753440      2.47571050     -0.03248230      0.00176654
    8    18     -5.17386048      2.51830481      0.04319499      0.00284115
    8    19     -4.92607986      2.35156001      0.04256614      0.00248779
    8    20      1.49682034      2.78468559     -0.01317767      0.00178775
    9     1      3.21147948      2.20303793     -0.00296637      0.00178079
    9     2     -4.04211101      1.31904674      0.04530921      0.00288419
    9     3     -1.03933570      1.77511977      0.04451230      0.00274669
    9     4     -0.90515304      2.80449573      0.00538763      0.00189021
    9     5      0.76886371      2.47881253     -0.02694825      0.00179017
    9     6      1.71630299      2.15891960      0.01543142      0.00217299
    9     7     -3.98523628      1.97432737      0.02416296      0.00238428
    9     8      0.82086094      1.97539935      0.04146284      0.00245816
    9     9     36.82929359      2.60378015      0.06923401      0.00320000
    9    10     -6.36529167      2.17474577      0.04198528      0.00234158
    9    11     -0.19511937      1.04578699      0.03809408      0.00287434
    9    12     -1.67851878      1.95820508      0.04336872      0.00249230
    9    13     -2.35588792      1.55851750      0.03983368      0.00252725
    9    14     -3.41271635      1.35022104      0.03008694      0.00255742
    9    15     -0.93491513      2.04261790      0.01165130      0.00208663
    9    16      5.17338213      2.00488150     -0.03881993      0.00227687
    9    17     -1.18073127      2.31395792     -0.02547142      0.00174940
    9    18     -7.22629199      1.87605007      0.04176664      0.00252071
    9    19     -4.85716948      1.77913416      0.03994901      0.00266843
    9    20     -1.87187399      2.28295285     -0.01050056      0.00175611
   10     1     -0.96698793      2.65598910     -0.00187905      0.00190940
   10     2     -4.11491327      1.85944141      0.04452207      0.00326612
   10     3     -2.94790894      1.82054929      0.04610788      0.00234555
   10     4      1.65647029      2.77600893      0.00301622      0.00198733
   10     5      5.67313878      3.20663028     -0.02979513      0.00206228
   10     6     -4.73891374      2.35784193      0.01844820      0.00226447
   10     7     -1.84366250      2.89949437      0.02255820      0.00248254
   10     8     -7.03965193      2.61777899      0.04599476      0.00264045
   10     9     -6.36529167      2.17474577      0.04198528      0.00234158
   10    10     44.76104506      2.91598012      0.06368992      0.00323042
   10    11     -1.29287919      1.43653279      0.03799558      0.00307016
   10    12     -2.28876208      2.72203238      0.04304325      0.00292506
   10    13     -3.93980801      2.11035065      0.04010240      0.00305896
   10    14     -1.15669395      1.54690861      0.02698754      0.00244705
   10    15      2.92667015      2.26283785      0.00942000      0.00170477
   10    16     -0.82694263      2.37798675     -0.03567888      0.00265076
   10    17      5.19053760      3.12607641     -0.02883905      0.00179409
   10    18     -2.10679686      2.48370855      0.03876228      0.00283921
   10    19     -1.23489053      2.21790137      0.03757348      0.00245292
   10    20      1.76583538      3.63904180     -0.01289513      0.00186323
   11     1      0.43679833      1.76304119      0.00008910      0.00251859
   11     2      1.46941682      0.87427773      0.03462078      0.00341493
   11     3     -1.48580445      1.31044168      0.04203624      0.00292602
   11     4     -0.33289108      1.48562084      0.00658675      0.00232272
   11     5      1.09431216      2.04403716     -0.02649334      0.00271525
   11     6     -5.41761479      1.45118898      0.02619143      0.00298285
   11     7     -3.13595206      1.23300345      0.02230645      0.00248083
   11     8      1.15473446      1.48037303      0.04006283      0.00313573
   11     9     -0.19511937      1.04578699      0.03809408      0.00287434
   11    10     -1.29287919      1.43653279      0.03799558      0.00307016
   11    11     19.52495641      1.17135664      0.09733773      0.00458095
   11    12     -5.93751543      1.31106799      0.04872881      0.00291370
   11    13      0.60730473      1.09485712      0.03117388      0.00301371
   11    14     -3.21594663      1.02841245      0.03534322      0.00316637
   11    15      0.32103866      1.46932322      0.01426082      0.00222315
   11    16      2.30957613      1.23323049     -0.03546499      0.00263366
   11    17     -0.20923445      1.98899449     -0.02363248      0.00255050
   11    18     -3.16400564      0.94309867      0.04100964      0.00292806
   11    19     -0.48515185      1.13159357      0.03921312      0.00293847
   11    20     -2.54971795      1.64828276     -0.00470965      0.00243006
   12     1      0.91298299      2.58740080     -0.00114162      0.00201376
   12     2     -7.02537976      1.72045816      0.04788088      0.00323173
   12     3      0.25371922      1.97364296      0.04664322      0.00261064
   12     4    -12.36924999      2.87354447      0.01115370      0.00235931
   12     5      3.72463825      3.10080048     -0.02967540      0.00219300
   12     6     -3.83041778      2.57782032      0.02163940      0.00223116
   12     7      2.55355365      2.01646663      0.02143407      0.00206671
   12     8     -6.10724982      3.16798712      0.04863577      0.00308689
   12     9     -1.67851878      1.95820508      0.04336872      0.00249230
   12    10     -2.28876208      2.72203238      0.04304325      0.00292506
   12    11     -5.93751543      1.31106799      0.04872881      0.00291370
   12    12     47.55520298      3.60333392      0.07333646      0.00331483
   12    13     -0.60293518      2.06085284      0.03920279      0.00288664
   12    14     -2.29845464      1.54452631      0.03246670      0.00263349
   12    15     -1.29937911      2.48647536      0.01495172      0.00218029
   12    16     -4.95580572      2.05902908     -0.03356856      0.00246351
   12    17      3.35268329      3.61205192     -0.02783514      0.00197362
   12    18    -11.83596381      2.05391576      0.04743735      0.00253583
   12    19     -9.67487582      2.21373033      0.04656371      0.00258475
   12    20      1.86971058      2.57899076     -0.01107865      0.00203286
   13     1      1.03912625      2.07333089     -0.00282602      0.00198424
   13     2      0.38008465      1.00613666      0.04007913      0.00289165
   13     3     -3.61377652      1.73253041      0.04656626      0.00294302
   13     4     -1.64687451      1.76284626      0.00432203      0.00187849
   13     5      4.30124444      2.15372838     -0.02806708      0.00202356
   13     6      4.58925150      1.77929549      0.00954654      0.00225989
   13     7     -7.24086325      1.97800859      0.02678852      0.00224562
   13     8     -0.34077196      2.22676049      0.04016686      0.00296836
   13     9     -2.35588792      1.55851750      0.03983368      0.00252725
   13    10     -3.93980801      2.11035065      0.04010240      0.00305896
   13    11      0.60730473      1.09485712      0.03117388      0.00301371
   13    12     -0.60293518      2.06085284      0.03920279      0.00288664
   13    13     28.51548340      2.34359335      0.07798952      0.00346213
   13    14      3.29547505      1.28237910      0.01696631      0.00235892
   13    15      1.85489857      2.45620967      0.00749332      0.00228607
   13    16      1.31401641      1.69819120     -0.03554235      0.00241979
   13    17      1.65462867      2.61113990     -0.02702656      0.00199921
   13    18     -6.06603442      1.84801352      0.04062921      0.00262847
   13    19     -3.51895598      1.96077528      0.03637751      0.00258470
   13    20      3.78890624      2.33836590     -0.01695857      0.00218387
   14     1      3.90322208      1.88714299     -0.00339654      0.00197218
   14     2      0.60380020      0.88401427      0.02461554      0.00304800
   14     3      0.45253071      1.41641808      0.02851370      0.00268524
   14     4      1.24978730      1.45662754      0.00268512      0.00194646
   14     5      3.06863522      2.12371385     -0.02052256      0.00220759
   14     6      1.48620860      1.26781866      0.01298808      0.00213011
   14     7     -0.24098927      1.38925339      0.01272044      0.00237521
   14     8     -1.63841429      1.30278731      0.02997661      0.00239393
   14     9     -3.41271635      1.35022104      0.03008694      0.00255742
   14    10     -1.15669395      1.54690861      0.02698754      0.00244705
   14    11     -3.21594663      1.02841245      0.03534322      0.00316637
   14    12     -2.29845464      1.54452631      0.03246670      0.00263349
   14    13      3.29547505      1.28237910      0.01696631      0.00235892
   14    14     21.20600747      1.40584749      0.07313475      0.00348749
   14    15     -3.36705099      1.61811373      0.01251486      0.00232096
   14    16     -0.89823899      1.35272557     -0.02155014      0.00274755
   14    17      3.28594565      1.98943201     -0.01968863      0.00229227
   14    18      0.31472500      1.29579105      0.02515346      0.00237281
   14    19     -2.88252324      1.33491244      0.03004362      0.00245648
   14    20     -2.44568874      1.73334607     -0.00325795      0.00228990
   15     1    -15.13830517      2.46140582      0.01123466      0.00167445
   15     2      1.22444417      1.36300866      0.00801514      0.00211972
   15     3     -2.33695441      2.16518471      0.01287335      0.00224349
   15     4     -1.63342130      3.25929365      0.00244454      0.00189979
   15     5      2.90450724      3.19590005     -0.00877669      0.00184383
   15     6     -4.52448148      2.20317621      0.01054898      0.00157411
   15     7     -1.30203913      2.53080613      0.00638735      0.00203438
   15     8      2.87804887      3.42184700      0.01019399      0.00247826
   15     9     -0.93491513      2.04261790      0.01165130      0.00208663
   15    10      2.92667015      2.26283785      0.00942000      0.00170477
   15    11      0.32103866      1.46932322      0.01426082      0.00222315
   15    12     -1.29937911      2.48647536      0.01495172      0.00218029
   15    13      1.85489857      2.45620967      0.00749332      0.00228607
   15    14     -3.36705099      1.61811373      0.01251486      0.00232096
   15    15     44.88297242      3.11659749      0.03415078      0.00236660
   15    16     -1.13194902      2.18038929     -0.00897904      0.00239919
   15    17      2.70680144      3.01844300     -0.00709043      0.00183521
   15    18     -4.50297678      2.01564961      0.01394136      0.00202951
   15    19     -6.39927246      2.81821252      0.01839428      0.00196185
   15    20     -3.68597496      2.61583271      0.00110697      0.00185805
   16     1      3.24914803      2.47758372     -0.00026609      0.00223101
   16     2      2.29860345      1.22191436     -0.03857329      0.00272433
   16     3      1.68095141      1.73049275     -0.04237413      0.00257439
   16     4      3.02401074      1.74645566     -0.00337259      0.00194232
   16     5     -5.85798987      2.41862240      0.03178886      0.00259491
   16     6      2.00322261      1.72854444     -0.01582333      0.00203031
   16     7     -1.08980741      1.77885893     -0.01748660      0.00215955
   16     8      5.13039739      1.83918732     -0.04265457      0.00240072
   16     9      5.17338213      2.00488150     -0.03881993      0.00227687
   16    10     -0.82694263      2.37798675     -0.03567888      0.00265076
   16    11      2.30957613      1.23323049     -0.03546499      0.00263366
   16    12     -4.95580572      2.05902908     -0.03356856      0.00246351
   16    13      1.31401641      1.69819120     -0.03554235      0.00241979
   16    14     -0.89823899      1.35272557     -0.02155014      0.00274755
   16    15     -1.13194902      2.18038929     -0.00897904      0.00239919
   16    16     26.06185860      2.69933857      0.07929400      0.00420089
   16    17     -8.24723961      2.21968497      0.03223866      0.00224688
   16    18      0.56346784      1.85702749     -0.03322789      0.00224980
   16    19      0.52263755      1.61407036     -0.03329931      0.00224567
   16    20     -0.60624364      1.71777384      0.01340053      0.00208928
   17     1     -1.39229168      3.14133172      0.00215567      0.00175377
   17     2     -0.52971316      2.17842003     -0.02734738      0.00224210
   17     3      3.72324382      2.09538410     -0.03278680      0.00186462
   17     4     -5.38980894      2.73715287      0.00083310      0.00163984
   17     5     -6.11501568      3.21239270      0.02376384      0.00206904
   17     6     -1.72194206      3.41658426     -0.00926598      0.00192090
   17     7      1.96846041      3.07404097     -0.01417095      0.00167476
   17     8      6.95753440      2.47571050     -0.03248230      0.00176654
   17     9     -1.18073127      2.31395792     -0.02547142      0.00174940
   17    10      5.19053760      3.12607641     -0.02883905      0.00179409
   17    11     -0.20923445      1.98899449     -0.02363248      0.00255050
   17    12      3.35268329      3.61205192     -0.02783514      0.00197362
   17    13      1.65462867      2.61113990     -0.02702656      0.00199921
   17    14      3.28594565      1.98943201     -0.01968863      0.00229227
   17    15      2.70680144      3.01844300     -0.00709043      0.00183521
   17    16     -8.24723961      2.21968497      0.03223866      0.00224688
   17    17     54.81043079      5.05902788      0.04162228      0.00263614
   17    18     -2.54715486      2.77953581     -0.02421123      0.00182549
   17    19      1.09631920      3.29570946     -0.02519924      0.00204203
   17    20     -9.52712458      3.96224507      0.01409693      0.00202557
   18     1     -1.71154514      2.22845494      0.00045931      0.00194567
   18     2      1.38379612      1.26858526      0.03723325      0.00286023
   18     3     -2.04504619      1.66591914      0.04322163      0.00268452
   18     4      3.74110776      2.68892073      0.00362086      0.00218464
   18     5     -0.15449409      3.01918344     -0.02644017      0.00228566
   18     6     -0.13328228      2.10830525      0.01664415      0.00208586
   18     7      1.89495279      2.05558722      0.01908072      0.00236154
   18     8     -5.17386048      2.51830481      0.04319499      0.00284115
   18     9     -7.22629199      1.87605007      0.04176664      0.00252071
   18    10     -2.10679686      2.48370855      0.03876228      0.00283921
   18    11     -3.16400564      0.94309867      0.04100964      0.00292806
   18    12    -11.83596381      2.05391576      0.04743735      0.00253583
   18    13     -6.06603442      1.84801352      0.04062921      0.00262847
   18    14      0.31472500      1.29579105      0.02515346      0.00237281
   18    15     -4.50297678      2.01564961      0.01394136      0.00202951
   18    16      0.56346784      1.85702749     -0.03322789      0.00224980
   18    17     -2.54715486      2.77953581     -0.02421123      0.00182549
   18    18     37.88296844      2.60622373      0.06766475      0.00355442
   18    19      2.27817819      1.78281248      0.03638510      0.00239255
   18    20      3.92634843      2.30548143     -0.01263202      0.00211860
   19     1     -5.97574265      2.09021518      0.00470713      0.00197817
   19     2      0.97073602      1.15423942      0.03695965      0.00271680
   19     3     -3.32976853      1.44689837      0.04384011      0.00256574
   19     4     -0.48074555      2.38787773      0.00601763      0.00184241
   19     5      0.37095547      2.29768145     -0.02594133      0.00189201
   19     6     -2.70810080      2.16922430      0.02021205      0.00213911
   19     7     -2.70369639      1.46121607      0.02169752      0.00196256
   19     8     -4.92607986      2.35156001      0.04256614      0.00248779
   19     9     -4.85716948      1.77913416      0.03994901      0.00266843
   19    10     -1.23489053      2.21790137      0.03757348      0.00245292
   19    11     -0.48515185      1.13159357      0.03921312      0.00293847
   19    12     -9.67487582      2.21373033      0.04656371      0.00258475
   19    13     -3.51895598      1.96077528      0.03637751      0.00258470
   19    14     -2.88252324      1.33491244      0.03004362      0.00245648
   19    15     -6.39927246      2.81821252      0.01839428      0.00196185
   19    16      0.52263755      1.61407036     -0.03329931      0.00224567
   19    17      1.09631920      3.29570946     -0.02519924      0.00204203
   19    18      2.27817819      1.78281248      0.03638510      0.00239255
   19    19     36.79047793      2.64550159      0.06823670      0.00292327
   19    20     -1.37019980      2.26214299     -0.00797140      0.00195356
   20     1     -0.11861374      2.81455352      0.00253009      0.00158372
   20     2      1.30988327      1.64180717     -0.01421131      0.00189820
   20     3     -1.36864455      2.16450334     -0.01361157      0.00201823
   20     4     -4.00250719      3.14103022      0.00243997      0.00188597
   20     5     -6.80008247      2.66331102      0.01255352      0.00168100
   20     6     -8.68071633      3.00983012      0.00229459      0.00178188
   20     7      4.19326522      2.19662017     -0.00766519      0.00146427
   20     8      1.49682034      2.78468559     -0.01317767      0.00178775
   20     9     -1.87187399      2.28295285     -0.01050056      0.00175611
   20    10      1.76583538      3.63904180     -0.01289513      0.00186323
   20    11     -2.54971795      1.64828276     -0.00470965      0.00243006
   20    12      1.86971058      2.57899076     -0.01107865      0.00203286
   20    13      3.78890624      2.33836590     -0.01695857      0.00218387
   20    14     -2.44568874      1.73334607     -0.00325795      0.00228990
   20    15     -3.68597496      2.61583271      0.00110697      0.00185805
   20    16     -0.60624364      1.71777384      0.01340053      0.00208928
   20    17     -9.52712458      3.96224507      0.01409693      0.00202557
   20    18      3.92634843      2.30548143     -0.01263202      0.00211860
   20    19     -1.37019980      2.26214299     -0.00797140      0.00195356
   20    20     49.31648388      4.90429978      0.03029085      0.00261987
